;  LST file generated by mikroListExporter - v.2.0 
; Date/Time: 5/27/2025 11:16:59 PM
;----------------------------------------------

;Address Opcode 	ASM
0x0000	0x2CE4      	GOTO       1252
_interrupt:
0x0004	0x00FF      	MOVWF      R15
0x0005	0x0E03      	SWAPF      STATUS, 0
0x0006	0x0183      	CLRF       STATUS
0x0007	0x00BB      	MOVWF      ___saveSTATUS
0x0008	0x080A      	MOVF       PCLATH, 0
0x0009	0x00BA      	MOVWF      ___savePCLATH
0x000A	0x018A      	CLRF       PCLATH
0x000B	0x0870      	MOVF       R0, 0
0x000C	0x00A5      	MOVWF      37
0x000D	0x0871      	MOVF       R1, 0
0x000E	0x00A4      	MOVWF      36
0x000F	0x0872      	MOVF       R2, 0
0x0010	0x00A3      	MOVWF      35
0x0011	0x0873      	MOVF       R3, 0
0x0012	0x00A2      	MOVWF      34
0x0013	0x0874      	MOVF       R4, 0
0x0014	0x00A1      	MOVWF      33
;MyProject.c,136 :: 		void interrupt(){
;MyProject.c,137 :: 		if(INTCON & 0x04){// TMR0 Overflow interrupt, will get here every 32ms
0x0015	0x1D0B      	BTFSS      INTCON, 2
0x0016	0x281F      	GOTO       L_interrupt6
;MyProject.c,139 :: 		time++;
0x0017	0x0AB8      	INCF       _time, 1
0x0018	0x1903      	BTFSC      STATUS, 2
0x0019	0x0AB9      	INCF       _time+1, 1
;MyProject.c,140 :: 		tick1++;
0x001A	0x0AB2      	INCF       _tick1, 1
0x001B	0x1903      	BTFSC      STATUS, 2
0x001C	0x0AB3      	INCF       _tick1+1, 1
;MyProject.c,142 :: 		INTCON = INTCON & 0xFB;//Clear T0IF
0x001D	0x30FB      	MOVLW      251
0x001E	0x058B      	ANDWF      INTCON, 1
;MyProject.c,143 :: 		}
L_interrupt6:
;MyProject.c,144 :: 		if(PIR1 & 0x04){
0x001F	0x1D0C      	BTFSS      PIR1, 2
0x0020	0x285A      	GOTO       L_interrupt7
;MyProject.c,145 :: 		if(a==1){                                           // CCP1 interrupt
0x0021	0x3000      	MOVLW      0
0x0022	0x062F      	XORWF      _a+1, 0
0x0023	0x1D03      	BTFSS      STATUS, 2
0x0024	0x2827      	GOTO       L__interrupt62
0x0025	0x3001      	MOVLW      1
0x0026	0x062E      	XORWF      _a, 0
L__interrupt62:
0x0027	0x1D03      	BTFSS      STATUS, 2
0x0028	0x2856      	GOTO       L_interrupt8
;MyProject.c,146 :: 		if(H_L){                                // high
0x0029	0x0836      	MOVF       _H_L, 0
0x002A	0x0437      	IORWF      _H_L+1, 0
0x002B	0x1903      	BTFSC      STATUS, 2
0x002C	0x283E      	GOTO       L_interrupt9
;MyProject.c,147 :: 		CCPR1H = angle >> 8;
0x002D	0x0831      	MOVF       _angle+1, 0
0x002E	0x00F0      	MOVWF      R0
0x002F	0x3000      	MOVLW      0
0x0030	0x1BB1      	BTFSC      _angle+1, 7
0x0031	0x30FF      	MOVLW      255
0x0032	0x00F1      	MOVWF      R0+1
0x0033	0x0870      	MOVF       R0, 0
0x0034	0x0096      	MOVWF      CCPR1H
;MyProject.c,148 :: 		CCPR1L = angle;
0x0035	0x0830      	MOVF       _angle, 0
0x0036	0x0095      	MOVWF      CCPR1L
;MyProject.c,149 :: 		H_L = 0;                      // next time low
0x0037	0x01B6      	CLRF       _H_L
0x0038	0x01B7      	CLRF       _H_L+1
;MyProject.c,150 :: 		CCP1CON = 0x09;              // compare mode, clear output on match
0x0039	0x3009      	MOVLW      9
0x003A	0x0097      	MOVWF      CCP1CON
;MyProject.c,151 :: 		TMR1H = 0;
0x003B	0x018F      	CLRF       TMR1H
;MyProject.c,152 :: 		TMR1L = 0;
0x003C	0x018E      	CLRF       TMR1L
;MyProject.c,153 :: 		}
0x003D	0x2855      	GOTO       L_interrupt10
L_interrupt9:
;MyProject.c,155 :: 		CCPR1H = (40000 - angle) >> 8;       // 40000 counts correspond to 20ms
0x003E	0x0830      	MOVF       _angle, 0
0x003F	0x3C40      	SUBLW      64
0x0040	0x00F3      	MOVWF      R3
0x0041	0x0831      	MOVF       _angle+1, 0
0x0042	0x1C03      	BTFSS      STATUS, 0
0x0043	0x3E01      	ADDLW      1
0x0044	0x3C9C      	SUBLW      156
0x0045	0x00F4      	MOVWF      R3+1
0x0046	0x0874      	MOVF       R3+1, 0
0x0047	0x00F0      	MOVWF      R0
0x0048	0x01F1      	CLRF       R0+1
0x0049	0x0870      	MOVF       R0, 0
0x004A	0x0096      	MOVWF      CCPR1H
;MyProject.c,156 :: 		CCPR1L = (40000 - angle);
0x004B	0x0873      	MOVF       R3, 0
0x004C	0x0095      	MOVWF      CCPR1L
;MyProject.c,157 :: 		CCP1CON = 0x08;             // compare mode, set output on match
0x004D	0x3008      	MOVLW      8
0x004E	0x0097      	MOVWF      CCP1CON
;MyProject.c,158 :: 		H_L = 1;                     //next time High
0x004F	0x3001      	MOVLW      1
0x0050	0x00B6      	MOVWF      _H_L
0x0051	0x3000      	MOVLW      0
0x0052	0x00B7      	MOVWF      _H_L+1
;MyProject.c,159 :: 		TMR1H = 0;
0x0053	0x018F      	CLRF       TMR1H
;MyProject.c,160 :: 		TMR1L = 0;
0x0054	0x018E      	CLRF       TMR1L
;MyProject.c,161 :: 		}  }else{
L_interrupt10:
0x0055	0x2858      	GOTO       L_interrupt11
L_interrupt8:
;MyProject.c,162 :: 		PIR1 = PIR1&0xFB;
0x0056	0x30FB      	MOVLW      251
0x0057	0x058C      	ANDWF      PIR1, 1
;MyProject.c,163 :: 		}
L_interrupt11:
;MyProject.c,165 :: 		PIR1 = PIR1&0xFB;
0x0058	0x30FB      	MOVLW      251
0x0059	0x058C      	ANDWF      PIR1, 1
;MyProject.c,166 :: 		}
L_interrupt7:
;MyProject.c,169 :: 		}
L_end_interrupt:
L__interrupt61:
0x005A	0x0825      	MOVF       37, 0
0x005B	0x00F0      	MOVWF      R0
0x005C	0x0824      	MOVF       36, 0
0x005D	0x00F1      	MOVWF      R1
0x005E	0x0823      	MOVF       35, 0
0x005F	0x00F2      	MOVWF      R2
0x0060	0x0822      	MOVF       34, 0
0x0061	0x00F3      	MOVWF      R3
0x0062	0x0821      	MOVF       33, 0
0x0063	0x00F4      	MOVWF      R4
0x0064	0x083A      	MOVF       ___savePCLATH, 0
0x0065	0x008A      	MOVWF      PCLATH
0x0066	0x0E3B      	SWAPF      ___saveSTATUS, 0
0x0067	0x0083      	MOVWF      STATUS
0x0068	0x0EFF      	SWAPF      R15, 1
0x0069	0x0E7F      	SWAPF      R15, 0
0x006A	0x0009      	RETFIE
; end of _interrupt
_RES032:
;__Lib_MathDouble.c,123 :: 		
;__Lib_MathDouble.c,128 :: 		
0x006B	0x01F2      	CLRF       R2
;__Lib_MathDouble.c,129 :: 		
0x006C	0x01F1      	CLRF       R1
;__Lib_MathDouble.c,130 :: 		
0x006D	0x01F0      	CLRF       R0
;__Lib_MathDouble.c,131 :: 		
0x006E	0x01F8      	CLRF       R8
;__Lib_MathDouble.c,132 :: 		
0x006F	0x01F3      	CLRF       R3
;__Lib_MathDouble.c,133 :: 		
0x0070	0x3000      	MOVLW      0
;__Lib_MathDouble.c,135 :: 		
L_end_RES032:
0x0071	0x0008      	RETURN
; end of _RES032
_SETFUN32:
;__Lib_MathDouble.c,138 :: 		
;__Lib_MathDouble.c,145 :: 		
0x0072	0x157B      	BSF        R11, 2
;__Lib_MathDouble.c,146 :: 		
0x0073	0x1FFB      	BTFSS      R11, 7
;__Lib_MathDouble.c,147 :: 		
0x0074	0x287C      	GOTO       SETFUN32EEE
;__Lib_MathDouble.c,148 :: 		
0x0075	0x3001      	MOVLW      1
;__Lib_MathDouble.c,149 :: 		
0x0076	0x00F3      	MOVWF      R3
;__Lib_MathDouble.c,150 :: 		
0x0077	0x01F2      	CLRF       R2
;__Lib_MathDouble.c,151 :: 		
0x0078	0x01F1      	CLRF       R1
;__Lib_MathDouble.c,152 :: 		
0x0079	0x01F0      	CLRF       R0
;__Lib_MathDouble.c,153 :: 		
0x007A	0x0DFA      	RLF        R10, 1
;__Lib_MathDouble.c,154 :: 		
0x007B	0x0CF2      	RRF        R2, 1
;__Lib_MathDouble.c,155 :: 		
SETFUN32EEE:
;__Lib_MathDouble.c,156 :: 		
0x007C	0x30FF      	MOVLW      255
;__Lib_MathDouble.c,158 :: 		
L_end_SETFUN32:
0x007D	0x0008      	RETURN
; end of _SETFUN32
_FIXSIGN32:
;__Lib_MathDouble.c,112 :: 		
;__Lib_MathDouble.c,116 :: 		
0x007E	0x1FFA      	BTFSS      R10, 7
;__Lib_MathDouble.c,117 :: 		
0x007F	0x13F2      	BCF        R2, 7
;__Lib_MathDouble.c,118 :: 		
0x0080	0x3000      	MOVLW      0
;__Lib_MathDouble.c,120 :: 		
L_end_FIXSIGN32:
0x0081	0x0008      	RETURN
; end of _FIXSIGN32
_SETIOV3224:
;__Lib_MathDouble.c,1000 :: 		
;__Lib_MathDouble.c,1006 :: 		
0x0082	0x147B      	BSF        R11, 0
;__Lib_MathDouble.c,1007 :: 		
0x0083	0x1FFB      	BTFSS      R11, 7
;__Lib_MathDouble.c,1008 :: 		
0x0084	0x288D      	GOTO       SETIOV3224EEE
;__Lib_MathDouble.c,1010 :: 		
0x0085	0x01F2      	CLRF       R2
;__Lib_MathDouble.c,1011 :: 		
0x0086	0x1FFA      	BTFSS      R10, 7
;__Lib_MathDouble.c,1012 :: 		
0x0087	0x30FF      	MOVLW      255
;__Lib_MathDouble.c,1013 :: 		
0x0088	0x00F2      	MOVWF      R2
;__Lib_MathDouble.c,1014 :: 		
0x0089	0x00F1      	MOVWF      R1
;__Lib_MathDouble.c,1015 :: 		
0x008A	0x00F0      	MOVWF      R0
;__Lib_MathDouble.c,1016 :: 		
0x008B	0x0DFA      	RLF        R10, 1
;__Lib_MathDouble.c,1017 :: 		
0x008C	0x0CF2      	RRF        R2, 1
;__Lib_MathDouble.c,1018 :: 		
SETIOV3224EEE:
;__Lib_MathDouble.c,1019 :: 		
0x008D	0x30FF      	MOVLW      255
;__Lib_MathDouble.c,1021 :: 		
L_end_SETIOV3224:
0x008E	0x0008      	RETURN
; end of _SETIOV3224
_SETFOV32:
;__Lib_MathDouble.c,79 :: 		
;__Lib_MathDouble.c,86 :: 		
0x008F	0x14FB      	BSF        R11, 1
;__Lib_MathDouble.c,87 :: 		
0x0090	0x1FFB      	BTFSS      R11, 7
;__Lib_MathDouble.c,88 :: 		
0x0091	0x2899      	GOTO       SETFOV32EEE
;__Lib_MathDouble.c,89 :: 		
0x0092	0x30FF      	MOVLW      255
;__Lib_MathDouble.c,90 :: 		
0x0093	0x00F3      	MOVWF      R3
;__Lib_MathDouble.c,91 :: 		
0x0094	0x00F2      	MOVWF      R2
;__Lib_MathDouble.c,92 :: 		
0x0095	0x00F1      	MOVWF      R1
;__Lib_MathDouble.c,93 :: 		
0x0096	0x00F0      	MOVWF      R0
;__Lib_MathDouble.c,94 :: 		
0x0097	0x0DFA      	RLF        R10, 1
;__Lib_MathDouble.c,95 :: 		
0x0098	0x0CF2      	RRF        R2, 1
;__Lib_MathDouble.c,96 :: 		
SETFOV32EEE:
;__Lib_MathDouble.c,97 :: 		
0x0099	0x30FF      	MOVLW      255
;__Lib_MathDouble.c,99 :: 		
L_end_SETFOV32:
0x009A	0x0008      	RETURN
; end of _SETFOV32
_Speed:
;MyProject.c,44 :: 		void Speed(int p){
;MyProject.c,45 :: 		CCPR2L = p;                  // PWM from RC1
0x009B	0x1283      	BCF        STATUS, 5
0x009C	0x1303      	BCF        STATUS, 6
0x009D	0x0840      	MOVF       FARG_Speed_p, 0
0x009E	0x009B      	MOVWF      CCPR2L
;MyProject.c,46 :: 		}
L_end_Speed:
0x009F	0x0008      	RETURN
; end of _Speed
_SETFDZ32:
;__Lib_MathDouble.c,102 :: 		
;__Lib_MathDouble.c,105 :: 		
0x00A0	0x15FB      	BSF        R11, 3
;__Lib_MathDouble.c,106 :: 		
0x00A1	0x30FF      	MOVLW      255
;__Lib_MathDouble.c,108 :: 		
L_end_SETFDZ32:
0x00A2	0x0008      	RETURN
; end of _SETFDZ32
_NRM3232:
;__Lib_MathDouble.c,167 :: 		
;__Lib_MathDouble.c,173 :: 		
;__Lib_MathDouble.c,175 :: 		
0x00A3	0x01A0      	CLRF       __math_tempbD
;__Lib_MathDouble.c,176 :: 		
0x00A4	0x0872      	MOVF       R2, 0
;__Lib_MathDouble.c,177 :: 		
0x00A5	0x1D03      	BTFSS      STATUS, 2
;__Lib_MathDouble.c,178 :: 		
0x00A6	0x28B8      	GOTO       NORM3232
;__Lib_MathDouble.c,179 :: 		
0x00A7	0x0871      	MOVF       R1, 0
;__Lib_MathDouble.c,180 :: 		
0x00A8	0x00F2      	MOVWF      R2
;__Lib_MathDouble.c,181 :: 		
0x00A9	0x0870      	MOVF       R0, 0
;__Lib_MathDouble.c,182 :: 		
0x00AA	0x00F1      	MOVWF      R1
;__Lib_MathDouble.c,183 :: 		
0x00AB	0x01F0      	CLRF       R0
;__Lib_MathDouble.c,184 :: 		
0x00AC	0x15A0      	BSF        __math_tempbD, 3
;__Lib_MathDouble.c,186 :: 		
0x00AD	0x0872      	MOVF       R2, 0
;__Lib_MathDouble.c,187 :: 		
0x00AE	0x1D03      	BTFSS      STATUS, 2
;__Lib_MathDouble.c,188 :: 		
0x00AF	0x28B8      	GOTO       NORM3232
;__Lib_MathDouble.c,189 :: 		
0x00B0	0x0871      	MOVF       R1, 0
;__Lib_MathDouble.c,190 :: 		
0x00B1	0x00F2      	MOVWF      R2
;__Lib_MathDouble.c,191 :: 		
0x00B2	0x01F1      	CLRF       R1
;__Lib_MathDouble.c,192 :: 		
0x00B3	0x11A0      	BCF        __math_tempbD, 3
;__Lib_MathDouble.c,193 :: 		
0x00B4	0x1620      	BSF        __math_tempbD, 4
;__Lib_MathDouble.c,195 :: 		
0x00B5	0x0872      	MOVF       R2, 0
;__Lib_MathDouble.c,196 :: 		
0x00B6	0x1903      	BTFSC      STATUS, 2
;__Lib_MathDouble.c,197 :: 		
0x00B7	0x28C6      	GOTO       JPNRES032
;__Lib_MathDouble.c,198 :: 		
NORM3232:
;__Lib_MathDouble.c,199 :: 		
0x00B8	0x0820      	MOVF       __math_tempbD, 0
;__Lib_MathDouble.c,200 :: 		
0x00B9	0x02F3      	SUBWF      R3, 1
;__Lib_MathDouble.c,201 :: 		
0x00BA	0x1D03      	BTFSS      STATUS, 2
;__Lib_MathDouble.c,202 :: 		
0x00BB	0x1C03      	BTFSS      STATUS, 0
;__Lib_MathDouble.c,203 :: 		
0x00BC	0x28CA      	GOTO       JPNSETFUN32
;__Lib_MathDouble.c,204 :: 		
0x00BD	0x1003      	BCF        STATUS, 0
;__Lib_MathDouble.c,205 :: 		
NORM3232A:
;__Lib_MathDouble.c,206 :: 		
0x00BE	0x1BF2      	BTFSC      R2, 7
;__Lib_MathDouble.c,207 :: 		
0x00BF	0x28CE      	GOTO       JMPNFIXSIGN32
;__Lib_MathDouble.c,208 :: 		
0x00C0	0x0DF0      	RLF        R0, 1
;__Lib_MathDouble.c,209 :: 		
0x00C1	0x0DF1      	RLF        R1, 1
;__Lib_MathDouble.c,210 :: 		
0x00C2	0x0DF2      	RLF        R2, 1
;__Lib_MathDouble.c,211 :: 		
0x00C3	0x0BF3      	DECFSZ     R3, 1
;__Lib_MathDouble.c,212 :: 		
0x00C4	0x28BE      	GOTO       NORM3232A
;__Lib_MathDouble.c,213 :: 		
0x00C5	0x28CA      	GOTO       JPNSETFUN32
;__Lib_MathDouble.c,214 :: 		
JPNRES032:
;__Lib_MathDouble.c,215 :: 		
0x00C6	0x3001      	MOVLW      1
;__Lib_MathDouble.c,216 :: 		
0x00C7	0x00FC      	MOVWF      R12
;__Lib_MathDouble.c,218 :: 		
0x00C8	0x206B      	CALL       _RES032
;__Lib_MathDouble.c,220 :: 		
0x00C9	0x28D1      	GOTO       NORM32EEE
;__Lib_MathDouble.c,221 :: 		
JPNSETFUN32:
;__Lib_MathDouble.c,222 :: 		
0x00CA	0x3002      	MOVLW      2
;__Lib_MathDouble.c,223 :: 		
0x00CB	0x00FC      	MOVWF      R12
;__Lib_MathDouble.c,225 :: 		
0x00CC	0x2072      	CALL       _SETFUN32
;__Lib_MathDouble.c,227 :: 		
0x00CD	0x28D1      	GOTO       NORM32EEE
;__Lib_MathDouble.c,228 :: 		
JMPNFIXSIGN32:
;__Lib_MathDouble.c,229 :: 		
0x00CE	0x3004      	MOVLW      4
;__Lib_MathDouble.c,230 :: 		
0x00CF	0x00FC      	MOVWF      R12
;__Lib_MathDouble.c,232 :: 		
0x00D0	0x207E      	CALL       _FIXSIGN32
;__Lib_MathDouble.c,234 :: 		
NORM32EEE:
;__Lib_MathDouble.c,236 :: 		
L_end_NRM3232:
0x00D1	0x0008      	RETURN
; end of _NRM3232
_double2int:
;__Lib_MathDouble.c,1391 :: 		
;__Lib_MathDouble.c,1399 :: 		
0x00D2	0x1283      	BCF        STATUS, 5
;__Lib_MathDouble.c,1400 :: 		
0x00D3	0x1303      	BCF        STATUS, 6
;__Lib_MathDouble.c,1402 :: 		
0x00D4	0x01FB      	CLRF       R11
;__Lib_MathDouble.c,1403 :: 		
0x00D5	0x0873      	MOVF       R3, 0
;__Lib_MathDouble.c,1404 :: 		
0x00D6	0x1903      	BTFSC      STATUS, 2
;__Lib_MathDouble.c,1405 :: 		
0x00D7	0x290F      	GOTO       IRES016
;__Lib_MathDouble.c,1407 :: 		
0x00D8	0x0872      	MOVF       R2, 0
;__Lib_MathDouble.c,1408 :: 		
0x00D9	0x00FA      	MOVWF      R10
;__Lib_MathDouble.c,1409 :: 		
0x00DA	0x17F2      	BSF        R2, 7
;__Lib_MathDouble.c,1411 :: 		
0x00DB	0x308E      	MOVLW      142
;__Lib_MathDouble.c,1412 :: 		
0x00DC	0x02F3      	SUBWF      R3, 1
;__Lib_MathDouble.c,1413 :: 		
0x00DD	0x1FF3      	BTFSS      R3, 7
;__Lib_MathDouble.c,1414 :: 		
0x00DE	0x2912      	GOTO       SETIOV16
;__Lib_MathDouble.c,1415 :: 		
0x00DF	0x09F3      	COMF       R3, 1
;__Lib_MathDouble.c,1416 :: 		
0x00E0	0x0AF3      	INCF       R3, 1
;__Lib_MathDouble.c,1418 :: 		
0x00E1	0x3008      	MOVLW      8
;__Lib_MathDouble.c,1419 :: 		
0x00E2	0x0273      	SUBWF      R3, 0
;__Lib_MathDouble.c,1420 :: 		
0x00E3	0x1C03      	BTFSS      STATUS, 0
;__Lib_MathDouble.c,1421 :: 		
0x00E4	0x28F5      	GOTO       TSHIFT3216
;__Lib_MathDouble.c,1422 :: 		
0x00E5	0x00F3      	MOVWF      R3
;__Lib_MathDouble.c,1423 :: 		
0x00E6	0x0DF1      	RLF        R1, 1
;__Lib_MathDouble.c,1424 :: 		
0x00E7	0x0872      	MOVF       R2, 0
;__Lib_MathDouble.c,1425 :: 		
0x00E8	0x00F1      	MOVWF      R1
;__Lib_MathDouble.c,1426 :: 		
0x00E9	0x01F2      	CLRF       R2
;__Lib_MathDouble.c,1428 :: 		
0x00EA	0x3008      	MOVLW      8
;__Lib_MathDouble.c,1429 :: 		
0x00EB	0x0273      	SUBWF      R3, 0
;__Lib_MathDouble.c,1430 :: 		
0x00EC	0x1C03      	BTFSS      STATUS, 0
;__Lib_MathDouble.c,1431 :: 		
0x00ED	0x28F5      	GOTO       TSHIFT3216
;__Lib_MathDouble.c,1432 :: 		
0x00EE	0x00F3      	MOVWF      R3
;__Lib_MathDouble.c,1433 :: 		
0x00EF	0x0DF1      	RLF        R1, 1
;__Lib_MathDouble.c,1434 :: 		
0x00F0	0x01F1      	CLRF       R1
;__Lib_MathDouble.c,1436 :: 		
0x00F1	0x0873      	MOVF       R3, 0
;__Lib_MathDouble.c,1437 :: 		
0x00F2	0x1D03      	BTFSS      STATUS, 2
;__Lib_MathDouble.c,1438 :: 		
0x00F3	0x1003      	BCF        STATUS, 0
;__Lib_MathDouble.c,1439 :: 		
0x00F4	0x28FD      	GOTO       SHIFT3216OK
;__Lib_MathDouble.c,1440 :: 		
TSHIFT3216:
;__Lib_MathDouble.c,1441 :: 		
0x00F5	0x0873      	MOVF       R3, 0
;__Lib_MathDouble.c,1442 :: 		
0x00F6	0x1903      	BTFSC      STATUS, 2
;__Lib_MathDouble.c,1443 :: 		
0x00F7	0x28FD      	GOTO       SHIFT3216OK
;__Lib_MathDouble.c,1444 :: 		
SHIFT3216:
;__Lib_MathDouble.c,1445 :: 		
0x00F8	0x1003      	BCF        STATUS, 0
;__Lib_MathDouble.c,1446 :: 		
0x00F9	0x0CF2      	RRF        R2, 1
;__Lib_MathDouble.c,1447 :: 		
0x00FA	0x0CF1      	RRF        R1, 1
;__Lib_MathDouble.c,1448 :: 		
0x00FB	0x0BF3      	DECFSZ     R3, 1
;__Lib_MathDouble.c,1449 :: 		
0x00FC	0x28F8      	GOTO       SHIFT3216
;__Lib_MathDouble.c,1450 :: 		
SHIFT3216OK:
;__Lib_MathDouble.c,1451 :: 		
0x00FD	0x1B7B      	BTFSC      R11, 6
;__Lib_MathDouble.c,1452 :: 		
0x00FE	0x1C71      	BTFSS      R1, 0
;__Lib_MathDouble.c,1453 :: 		
0x00FF	0x2907      	GOTO       INT3216OK
;__Lib_MathDouble.c,1454 :: 		
0x0100	0x1C03      	BTFSS      STATUS, 0
;__Lib_MathDouble.c,1455 :: 		
0x0101	0x2907      	GOTO       INT3216OK
;__Lib_MathDouble.c,1456 :: 		
0x0102	0x0AF1      	INCF       R1, 1
;__Lib_MathDouble.c,1457 :: 		
0x0103	0x1903      	BTFSC      STATUS, 2
;__Lib_MathDouble.c,1458 :: 		
0x0104	0x0AF2      	INCF       R2, 1
;__Lib_MathDouble.c,1459 :: 		
0x0105	0x1BF2      	BTFSC      R2, 7
;__Lib_MathDouble.c,1460 :: 		
0x0106	0x291E      	GOTO       JPJSETIOV3224
;__Lib_MathDouble.c,1461 :: 		
INT3216OK:
;__Lib_MathDouble.c,1462 :: 		
0x0107	0x1FFA      	BTFSS      R10, 7
;__Lib_MathDouble.c,1463 :: 		
0x0108	0x2921      	GOTO       INT3216EOK
;__Lib_MathDouble.c,1465 :: 		
0x0109	0x09F2      	COMF       R2, 1
;__Lib_MathDouble.c,1466 :: 		
0x010A	0x09F1      	COMF       R1, 1
;__Lib_MathDouble.c,1467 :: 		
0x010B	0x0AF1      	INCF       R1, 1
;__Lib_MathDouble.c,1468 :: 		
0x010C	0x1903      	BTFSC      STATUS, 2
;__Lib_MathDouble.c,1469 :: 		
0x010D	0x0AF2      	INCF       R2, 1
;__Lib_MathDouble.c,1470 :: 		
0x010E	0x2921      	GOTO       INT3216EOK
;__Lib_MathDouble.c,1472 :: 		
IRES016:
;__Lib_MathDouble.c,1473 :: 		
0x010F	0x01F2      	CLRF       R2
;__Lib_MathDouble.c,1474 :: 		
0x0110	0x01F1      	CLRF       R1
;__Lib_MathDouble.c,1475 :: 		
0x0111	0x2921      	GOTO       INT3216EOK
;__Lib_MathDouble.c,1476 :: 		
SETIOV16:
;__Lib_MathDouble.c,1477 :: 		
0x0112	0x147B      	BSF        R11, 0
;__Lib_MathDouble.c,1478 :: 		
0x0113	0x1FFB      	BTFSS      R11, 7
;__Lib_MathDouble.c,1479 :: 		
0x0114	0x2924      	GOTO       INT3216EER
;__Lib_MathDouble.c,1481 :: 		
0x0115	0x01F2      	CLRF       R2
;__Lib_MathDouble.c,1482 :: 		
0x0116	0x1FFA      	BTFSS      R10, 7
;__Lib_MathDouble.c,1483 :: 		
0x0117	0x2924      	GOTO       INT3216EER
;__Lib_MathDouble.c,1484 :: 		
0x0118	0x30FF      	MOVLW      255
;__Lib_MathDouble.c,1485 :: 		
0x0119	0x00F2      	MOVWF      R2
;__Lib_MathDouble.c,1486 :: 		
0x011A	0x00F1      	MOVWF      R1
;__Lib_MathDouble.c,1487 :: 		
0x011B	0x0DFA      	RLF        R10, 1
;__Lib_MathDouble.c,1488 :: 		
0x011C	0x0CF2      	RRF        R2, 1
;__Lib_MathDouble.c,1489 :: 		
0x011D	0x2924      	GOTO       INT3216EER
;__Lib_MathDouble.c,1491 :: 		
JPJSETIOV3224:
;__Lib_MathDouble.c,1492 :: 		
0x011E	0x3001      	MOVLW      1
;__Lib_MathDouble.c,1493 :: 		
0x011F	0x00FC      	MOVWF      R12
;__Lib_MathDouble.c,1494 :: 		
0x0120	0x2926      	GOTO       INT3216EEE
;__Lib_MathDouble.c,1495 :: 		
INT3216EOK:
;__Lib_MathDouble.c,1496 :: 		
0x0121	0x3000      	MOVLW      0
;__Lib_MathDouble.c,1497 :: 		
0x0122	0x00FC      	MOVWF      R12
;__Lib_MathDouble.c,1498 :: 		
0x0123	0x2926      	GOTO       INT3216EEE
;__Lib_MathDouble.c,1499 :: 		
INT3216EER:
;__Lib_MathDouble.c,1500 :: 		
0x0124	0x30FF      	MOVLW      255
;__Lib_MathDouble.c,1501 :: 		
0x0125	0x00FC      	MOVWF      R12
;__Lib_MathDouble.c,1502 :: 		
INT3216EEE:
;__Lib_MathDouble.c,1505 :: 		
0x0126	0x08FC      	MOVF       R12, 1
;__Lib_MathDouble.c,1507 :: 		
0x0127	0x1903      	BTFSC      STATUS, 2
;__Lib_MathDouble.c,1508 :: 		
0x0128	0x292A      	GOTO       L_Double2Int_0
;__Lib_MathDouble.c,1510 :: 		
0x0129	0x2082      	CALL       _SETIOV3224
;__Lib_MathDouble.c,1512 :: 		
L_Double2Int_0:
;__Lib_MathDouble.c,1513 :: 		
0x012A	0x0871      	MOVF       R1, 0
;__Lib_MathDouble.c,1514 :: 		
0x012B	0x00F0      	MOVWF      R0
;__Lib_MathDouble.c,1515 :: 		
0x012C	0x0872      	MOVF       R2, 0
;__Lib_MathDouble.c,1516 :: 		
0x012D	0x00F1      	MOVWF      R1
;__Lib_MathDouble.c,1520 :: 		
L_end_double2int:
0x012E	0x0008      	RETURN
; end of _double2int
_stop_moving:
;MyProject.c,265 :: 		void stop_moving(){
;MyProject.c,266 :: 		PORTB = PORTB & 0b11110000;
0x012F	0x30F0      	MOVLW      240
0x0130	0x1283      	BCF        STATUS, 5
0x0131	0x1303      	BCF        STATUS, 6
0x0132	0x0586      	ANDWF      PORTB, 1
;MyProject.c,267 :: 		Speed(0);
0x0133	0x01C0      	CLRF       FARG_Speed_p
0x0134	0x01C1      	CLRF       FARG_Speed_p+1
0x0135	0x209B      	CALL       _Speed
;MyProject.c,268 :: 		}
L_end_stop_moving:
0x0136	0x0008      	RETURN
; end of _stop_moving
_Div_16x16_S_L:
;__Lib_Math.c,421 :: 		
;__Lib_Math.c,427 :: 		
0x0137	0x0D71      	RLF        R1, 0
;__Lib_Math.c,428 :: 		
0x0138	0x0DF8      	RLF        R8, 1
;__Lib_Math.c,429 :: 		
0x0139	0x0DF9      	RLF        R9, 1
;__Lib_Math.c,430 :: 		
0x013A	0x0874      	MOVF       R4, 0
;__Lib_Math.c,431 :: 		
0x013B	0x02F8      	SUBWF      R8, 1
;__Lib_Math.c,432 :: 		
0x013C	0x0875      	MOVF       R5, 0
;__Lib_Math.c,433 :: 		
0x013D	0x1C03      	BTFSS      STATUS, 0
;__Lib_Math.c,434 :: 		
0x013E	0x0F75      	INCFSZ     R5, 0
;__Lib_Math.c,435 :: 		
0x013F	0x02F9      	SUBWF      R9, 1
;__Lib_Math.c,436 :: 		
0x0140	0x0DF0      	RLF        R0, 1
;__Lib_Math.c,437 :: 		
0x0141	0x0DF1      	RLF        R1, 1
;__Lib_Math.c,439 :: 		
0x0142	0x300F      	MOVLW      15
;__Lib_Math.c,440 :: 		
0x0143	0x00FC      	MOVWF      R12
;__Lib_Math.c,442 :: 		
0x0144	0x0D71      	RLF        R1, 0
;__Lib_Math.c,443 :: 		
0x0145	0x0DF8      	RLF        R8, 1
;__Lib_Math.c,444 :: 		
0x0146	0x0DF9      	RLF        R9, 1
;__Lib_Math.c,445 :: 		
0x0147	0x0874      	MOVF       R4, 0
;__Lib_Math.c,447 :: 		
0x0148	0x1C70      	BTFSS      R0, 0
;__Lib_Math.c,448 :: 		
0x0149	0x2950      	GOTO       $+7
;__Lib_Math.c,449 :: 		
0x014A	0x02F8      	SUBWF      R8, 1
;__Lib_Math.c,450 :: 		
0x014B	0x0875      	MOVF       R5, 0
;__Lib_Math.c,451 :: 		
0x014C	0x1C03      	BTFSS      STATUS, 0
;__Lib_Math.c,452 :: 		
0x014D	0x0F75      	INCFSZ     R5, 0
;__Lib_Math.c,453 :: 		
0x014E	0x02F9      	SUBWF      R9, 1
;__Lib_Math.c,454 :: 		
0x014F	0x2955      	GOTO       $+6
;__Lib_Math.c,456 :: 		
0x0150	0x07F8      	ADDWF      R8, 1
;__Lib_Math.c,457 :: 		
0x0151	0x0875      	MOVF       R5, 0
;__Lib_Math.c,458 :: 		
0x0152	0x1803      	BTFSC      STATUS, 0
;__Lib_Math.c,459 :: 		
0x0153	0x0F75      	INCFSZ     R5, 0
;__Lib_Math.c,460 :: 		
0x0154	0x07F9      	ADDWF      R9, 1
;__Lib_Math.c,462 :: 		
0x0155	0x0DF0      	RLF        R0, 1
;__Lib_Math.c,463 :: 		
0x0156	0x0DF1      	RLF        R1, 1
;__Lib_Math.c,465 :: 		
0x0157	0x0BFC      	DECFSZ     R12, 1
;__Lib_Math.c,466 :: 		
0x0158	0x2944      	GOTO       $-20
;__Lib_Math.c,468 :: 		
0x0159	0x1870      	BTFSC      R0, 0
;__Lib_Math.c,469 :: 		
0x015A	0x2961      	GOTO       $+7
;__Lib_Math.c,470 :: 		
0x015B	0x0874      	MOVF       R4, 0
;__Lib_Math.c,471 :: 		
0x015C	0x07F8      	ADDWF      R8, 1
;__Lib_Math.c,472 :: 		
0x015D	0x0875      	MOVF       R5, 0
;__Lib_Math.c,473 :: 		
0x015E	0x1803      	BTFSC      STATUS, 0
;__Lib_Math.c,474 :: 		
0x015F	0x0F75      	INCFSZ     R5, 0
;__Lib_Math.c,475 :: 		
0x0160	0x07F9      	ADDWF      R9, 1
;__Lib_Math.c,476 :: 		
0x0161	0x0000      	NOP
;__Lib_Math.c,478 :: 		
L_end_Div_16x16_S_L:
0x0162	0x0008      	RETURN
; end of _Div_16x16_S_L
_delayy:
;MyProject.c,30 :: 		void delayy(int time_ms) {
;MyProject.c,31 :: 		time=0;                 // Reset overflow counter
0x0163	0x1283      	BCF        STATUS, 5
0x0164	0x1303      	BCF        STATUS, 6
0x0165	0x01B8      	CLRF       _time
0x0166	0x01B9      	CLRF       _time+1
;MyProject.c,32 :: 		while (time < time_ms);
L_delayy0:
0x0167	0x3080      	MOVLW      128
0x0168	0x0639      	XORWF      _time+1, 0
0x0169	0x00F0      	MOVWF      R0
0x016A	0x3080      	MOVLW      128
0x016B	0x063F      	XORWF      FARG_delayy_time_ms+1, 0
0x016C	0x0270      	SUBWF      R0, 0
0x016D	0x1D03      	BTFSS      STATUS, 2
0x016E	0x2971      	GOTO       L__delayy55
0x016F	0x083E      	MOVF       FARG_delayy_time_ms, 0
0x0170	0x0238      	SUBWF      _time, 0
L__delayy55:
0x0171	0x1803      	BTFSC      STATUS, 0
0x0172	0x2974      	GOTO       L_delayy1
0x0173	0x2967      	GOTO       L_delayy0
L_delayy1:
;MyProject.c,33 :: 		}
L_end_delayy:
0x0174	0x0008      	RETURN
; end of _delayy
_int2double:
;__Lib_MathDouble.c,1812 :: 		
;__Lib_MathDouble.c,1818 :: 		
0x0175	0x1283      	BCF        STATUS, 5
;__Lib_MathDouble.c,1819 :: 		
0x0176	0x1303      	BCF        STATUS, 6
;__Lib_MathDouble.c,1820 :: 		
0x0177	0x0870      	MOVF       R0, 0
;__Lib_MathDouble.c,1821 :: 		
0x0178	0x00F8      	MOVWF      R8
;__Lib_MathDouble.c,1822 :: 		
0x0179	0x0871      	MOVF       R1, 0
;__Lib_MathDouble.c,1823 :: 		
0x017A	0x00F0      	MOVWF      R0
;__Lib_MathDouble.c,1824 :: 		
0x017B	0x01F1      	CLRF       R1
;__Lib_MathDouble.c,1825 :: 		
0x017C	0x01F2      	CLRF       R2
;__Lib_MathDouble.c,1826 :: 		
0x017D	0x01F3      	CLRF       R3
;__Lib_MathDouble.c,1829 :: 		
0x017E	0x01FB      	CLRF       R11
;__Lib_MathDouble.c,1830 :: 		
0x017F	0x01FC      	CLRF       R12
;__Lib_MathDouble.c,1832 :: 		
0x0180	0x3096      	MOVLW      150
;__Lib_MathDouble.c,1833 :: 		
0x0181	0x00F3      	MOVWF      R3
;__Lib_MathDouble.c,1834 :: 		
0x0182	0x01FA      	CLRF       R10
;__Lib_MathDouble.c,1835 :: 		
0x0183	0x1FF0      	BTFSS      R0, 7
;__Lib_MathDouble.c,1836 :: 		
0x0184	0x298B      	GOTO       FLO1632EEE
;__Lib_MathDouble.c,1838 :: 		
0x0185	0x09F8      	COMF       R8, 1
;__Lib_MathDouble.c,1839 :: 		
0x0186	0x09F0      	COMF       R0, 1
;__Lib_MathDouble.c,1841 :: 		
0x0187	0x0AF8      	INCF       R8, 1
;__Lib_MathDouble.c,1842 :: 		
0x0188	0x1903      	BTFSC      STATUS, 2
;__Lib_MathDouble.c,1843 :: 		
0x0189	0x0AF0      	INCF       R0, 1
;__Lib_MathDouble.c,1845 :: 		
0x018A	0x17FA      	BSF        R10, 7
;__Lib_MathDouble.c,1846 :: 		
FLO1632EEE:
;__Lib_MathDouble.c,1847 :: 		
0x018B	0x0870      	MOVF       R0, 0
;__Lib_MathDouble.c,1848 :: 		
0x018C	0x00F1      	MOVWF      R1
;__Lib_MathDouble.c,1849 :: 		
0x018D	0x0878      	MOVF       R8, 0
;__Lib_MathDouble.c,1850 :: 		
0x018E	0x00F0      	MOVWF      R0
;__Lib_MathDouble.c,1851 :: 		
0x018F	0x01F8      	CLRF       R8
;__Lib_MathDouble.c,1852 :: 		
0x0190	0x01F2      	CLRF       R2
;__Lib_MathDouble.c,1854 :: 		
0x0191	0x20A3      	CALL       _NRM3232
;__Lib_MathDouble.c,1855 :: 		
L_end_int2double:
0x0192	0x0008      	RETURN
; end of _int2double
_Div_32x32_FP:
;__Lib_MathDouble.c,761 :: 		
;__Lib_MathDouble.c,773 :: 		
;__Lib_MathDouble.c,776 :: 		
0x0193	0x1283      	BCF        STATUS, 5
0x0194	0x1303      	BCF        STATUS, 6
0x0195	0x0874      	MOVF       R4, 0
0x0196	0x3A00      	XORLW      0
0x0197	0x1D03      	BTFSS      STATUS, 2
0x0198	0x29AE      	GOTO       L_Div_32x32_FP7
;__Lib_MathDouble.c,777 :: 		
0x0199	0x0875      	MOVF       R5, 0
0x019A	0x3A00      	XORLW      0
0x019B	0x1D03      	BTFSS      STATUS, 2
0x019C	0x29AE      	GOTO       L_Div_32x32_FP8
;__Lib_MathDouble.c,778 :: 		
0x019D	0x0876      	MOVF       R6, 0
0x019E	0x3A00      	XORLW      0
0x019F	0x1D03      	BTFSS      STATUS, 2
0x01A0	0x29AE      	GOTO       L_Div_32x32_FP9
;__Lib_MathDouble.c,779 :: 		
0x01A1	0x0877      	MOVF       R7, 0
0x01A2	0x3A00      	XORLW      0
0x01A3	0x1D03      	BTFSS      STATUS, 2
0x01A4	0x29AE      	GOTO       L_Div_32x32_FP10
;__Lib_MathDouble.c,780 :: 		
0x01A5	0x30FF      	MOVLW      255
0x01A6	0x00F0      	MOVWF      R0
;__Lib_MathDouble.c,781 :: 		
0x01A7	0x30FF      	MOVLW      255
0x01A8	0x00F1      	MOVWF      R1
;__Lib_MathDouble.c,782 :: 		
0x01A9	0x307F      	MOVLW      127
0x01AA	0x00F2      	MOVWF      R2
;__Lib_MathDouble.c,783 :: 		
0x01AB	0x30FF      	MOVLW      255
0x01AC	0x00F3      	MOVWF      R3
;__Lib_MathDouble.c,784 :: 		
0x01AD	0x2A49      	GOTO       L_end_Div_32x32_FP
;__Lib_MathDouble.c,785 :: 		
L_Div_32x32_FP10:
L_Div_32x32_FP9:
L_Div_32x32_FP8:
L_Div_32x32_FP7:
;__Lib_MathDouble.c,788 :: 		
0x01AE	0x1283      	BCF        STATUS, 5
;__Lib_MathDouble.c,789 :: 		
0x01AF	0x1303      	BCF        STATUS, 6
;__Lib_MathDouble.c,791 :: 		
0x01B0	0x0877      	MOVF       R7, 0
;__Lib_MathDouble.c,792 :: 		
0x01B1	0x1903      	BTFSC      STATUS, 2
;__Lib_MathDouble.c,793 :: 		
0x01B2	0x2A3D      	GOTO       JPDSETFDZ32
;__Lib_MathDouble.c,795 :: 		
0x01B3	0x0873      	MOVF       R3, 0
;__Lib_MathDouble.c,796 :: 		
0x01B4	0x1903      	BTFSC      STATUS, 2
;__Lib_MathDouble.c,797 :: 		
0x01B5	0x2A40      	GOTO       JPDRES032
;__Lib_MathDouble.c,799 :: 		
0x01B6	0x0872      	MOVF       R2, 0
;__Lib_MathDouble.c,800 :: 		
0x01B7	0x0676      	XORWF      R6, 0
;__Lib_MathDouble.c,801 :: 		
0x01B8	0x3980      	ANDLW      128
;__Lib_MathDouble.c,802 :: 		
0x01B9	0x00FA      	MOVWF      R10
;__Lib_MathDouble.c,803 :: 		
0x01BA	0x17F2      	BSF        R2, 7
;__Lib_MathDouble.c,804 :: 		
0x01BB	0x17F6      	BSF        R6, 7
;__Lib_MathDouble.c,806 :: 		
0x01BC	0x01A0      	CLRF       __math_tempbD
;__Lib_MathDouble.c,807 :: 		
0x01BD	0x0872      	MOVF       R2, 0
;__Lib_MathDouble.c,808 :: 		
0x01BE	0x00F8      	MOVWF      R8
;__Lib_MathDouble.c,809 :: 		
0x01BF	0x0871      	MOVF       R1, 0
;__Lib_MathDouble.c,810 :: 		
0x01C0	0x00FC      	MOVWF      R12
;__Lib_MathDouble.c,811 :: 		
0x01C1	0x0870      	MOVF       R0, 0
;__Lib_MathDouble.c,812 :: 		
0x01C2	0x00FD      	MOVWF      R13
;__Lib_MathDouble.c,814 :: 		
0x01C3	0x0874      	MOVF       R4, 0
;__Lib_MathDouble.c,815 :: 		
0x01C4	0x02FD      	SUBWF      R13, 1
;__Lib_MathDouble.c,816 :: 		
0x01C5	0x0875      	MOVF       R5, 0
;__Lib_MathDouble.c,817 :: 		
0x01C6	0x1C03      	BTFSS      STATUS, 0
;__Lib_MathDouble.c,818 :: 		
0x01C7	0x0F75      	INCFSZ     R5, 0
;__Lib_MathDouble.c,820 :: 		
0x01C8	0x02FC      	SUBWF      R12, 1
;__Lib_MathDouble.c,821 :: 		
0x01C9	0x0876      	MOVF       R6, 0
;__Lib_MathDouble.c,822 :: 		
0x01CA	0x1C03      	BTFSS      STATUS, 0
;__Lib_MathDouble.c,823 :: 		
0x01CB	0x0F76      	INCFSZ     R6, 0
;__Lib_MathDouble.c,825 :: 		
0x01CC	0x02F8      	SUBWF      R8, 1
;__Lib_MathDouble.c,826 :: 		
0x01CD	0x01F8      	CLRF       R8
;__Lib_MathDouble.c,827 :: 		
0x01CE	0x01FC      	CLRF       R12
;__Lib_MathDouble.c,828 :: 		
0x01CF	0x01FD      	CLRF       R13
;__Lib_MathDouble.c,829 :: 		
0x01D0	0x1C03      	BTFSS      STATUS, 0
;__Lib_MathDouble.c,830 :: 		
0x01D1	0x29D9      	GOTO       DALIGN32OK
;__Lib_MathDouble.c,832 :: 		
0x01D2	0x1003      	BCF        STATUS, 0
;__Lib_MathDouble.c,833 :: 		
0x01D3	0x0CF2      	RRF        R2, 1
;__Lib_MathDouble.c,834 :: 		
0x01D4	0x0CF1      	RRF        R1, 1
;__Lib_MathDouble.c,835 :: 		
0x01D5	0x0CF0      	RRF        R0, 1
;__Lib_MathDouble.c,836 :: 		
0x01D6	0x0CF8      	RRF        R8, 1
;__Lib_MathDouble.c,837 :: 		
0x01D7	0x3001      	MOVLW      1
;__Lib_MathDouble.c,838 :: 		
0x01D8	0x00A0      	MOVWF      __math_tempbD
;__Lib_MathDouble.c,839 :: 		
DALIGN32OK:
;__Lib_MathDouble.c,840 :: 		
0x01D9	0x0877      	MOVF       R7, 0
;__Lib_MathDouble.c,841 :: 		
0x01DA	0x02F3      	SUBWF      R3, 1
;__Lib_MathDouble.c,842 :: 		
0x01DB	0x1C03      	BTFSS      STATUS, 0
;__Lib_MathDouble.c,843 :: 		
0x01DC	0x29E3      	GOTO       ALTB32
;__Lib_MathDouble.c,845 :: 		
0x01DD	0x307E      	MOVLW      126
;__Lib_MathDouble.c,846 :: 		
0x01DE	0x0720      	ADDWF      __math_tempbD, 0
;__Lib_MathDouble.c,847 :: 		
0x01DF	0x07F3      	ADDWF      R3, 1
;__Lib_MathDouble.c,848 :: 		
0x01E0	0x1803      	BTFSC      STATUS, 0
;__Lib_MathDouble.c,849 :: 		
0x01E1	0x2A43      	GOTO       JPDSETFOV32
;__Lib_MathDouble.c,850 :: 		
0x01E2	0x29E8      	GOTO       DARGOK32
;__Lib_MathDouble.c,851 :: 		
ALTB32:
;__Lib_MathDouble.c,852 :: 		
0x01E3	0x307E      	MOVLW      126
;__Lib_MathDouble.c,853 :: 		
0x01E4	0x0720      	ADDWF      __math_tempbD, 0
;__Lib_MathDouble.c,854 :: 		
0x01E5	0x07F3      	ADDWF      R3, 1
;__Lib_MathDouble.c,855 :: 		
0x01E6	0x1C03      	BTFSS      STATUS, 0
;__Lib_MathDouble.c,856 :: 		
0x01E7	0x2A46      	GOTO       JPDSETFUN32
;__Lib_MathDouble.c,857 :: 		
DARGOK32:
;__Lib_MathDouble.c,858 :: 		
0x01E8	0x3018      	MOVLW      24
;__Lib_MathDouble.c,860 :: 		
0x01E9	0x07FA      	ADDWF      R10, 1
;__Lib_MathDouble.c,861 :: 		
DLOOP32:
;__Lib_MathDouble.c,862 :: 		
0x01EA	0x0DFD      	RLF        R13, 1
;__Lib_MathDouble.c,863 :: 		
0x01EB	0x0DFC      	RLF        R12, 1
;__Lib_MathDouble.c,864 :: 		
0x01EC	0x0DF8      	RLF        R8, 1
;__Lib_MathDouble.c,865 :: 		
0x01ED	0x0DF0      	RLF        R0, 1
;__Lib_MathDouble.c,866 :: 		
0x01EE	0x0DF1      	RLF        R1, 1
;__Lib_MathDouble.c,867 :: 		
0x01EF	0x0DF2      	RLF        R2, 1
;__Lib_MathDouble.c,868 :: 		
0x01F0	0x0DA0      	RLF        __math_tempbD, 1
;__Lib_MathDouble.c,870 :: 		
0x01F1	0x0874      	MOVF       R4, 0
;__Lib_MathDouble.c,871 :: 		
0x01F2	0x02F0      	SUBWF      R0, 1
;__Lib_MathDouble.c,872 :: 		
0x01F3	0x0875      	MOVF       R5, 0
;__Lib_MathDouble.c,873 :: 		
0x01F4	0x1C03      	BTFSS      STATUS, 0
;__Lib_MathDouble.c,874 :: 		
0x01F5	0x0F75      	INCFSZ     R5, 0
;__Lib_MathDouble.c,876 :: 		
0x01F6	0x02F1      	SUBWF      R1, 1
;__Lib_MathDouble.c,877 :: 		
0x01F7	0x0876      	MOVF       R6, 0
;__Lib_MathDouble.c,878 :: 		
0x01F8	0x1C03      	BTFSS      STATUS, 0
;__Lib_MathDouble.c,879 :: 		
0x01F9	0x0F76      	INCFSZ     R6, 0
;__Lib_MathDouble.c,881 :: 		
0x01FA	0x02F2      	SUBWF      R2, 1
;__Lib_MathDouble.c,882 :: 		
0x01FB	0x0D76      	RLF        R6, 0
;__Lib_MathDouble.c,883 :: 		
0x01FC	0x04A0      	IORWF      __math_tempbD, 1
;__Lib_MathDouble.c,884 :: 		
0x01FD	0x1C20      	BTFSS      __math_tempbD, 0
;__Lib_MathDouble.c,885 :: 		
0x01FE	0x2A01      	GOTO       DREST32
;__Lib_MathDouble.c,886 :: 		
0x01FF	0x147D      	BSF        R13, 0
;__Lib_MathDouble.c,887 :: 		
0x0200	0x2A0C      	GOTO       DOK32
;__Lib_MathDouble.c,888 :: 		
DREST32:
;__Lib_MathDouble.c,889 :: 		
0x0201	0x0874      	MOVF       R4, 0
;__Lib_MathDouble.c,890 :: 		
0x0202	0x07F0      	ADDWF      R0, 1
;__Lib_MathDouble.c,891 :: 		
0x0203	0x0875      	MOVF       R5, 0
;__Lib_MathDouble.c,892 :: 		
0x0204	0x1803      	BTFSC      STATUS, 0
;__Lib_MathDouble.c,893 :: 		
0x0205	0x0F75      	INCFSZ     R5, 0
;__Lib_MathDouble.c,895 :: 		
0x0206	0x07F1      	ADDWF      R1, 1
;__Lib_MathDouble.c,896 :: 		
0x0207	0x0876      	MOVF       R6, 0
;__Lib_MathDouble.c,897 :: 		
0x0208	0x1803      	BTFSC      STATUS, 0
;__Lib_MathDouble.c,898 :: 		
0x0209	0x0A76      	INCF       R6, 0
;__Lib_MathDouble.c,899 :: 		
0x020A	0x07F2      	ADDWF      R2, 1
;__Lib_MathDouble.c,900 :: 		
0x020B	0x107D      	BCF        R13, 0
;__Lib_MathDouble.c,901 :: 		
DOK32:
;__Lib_MathDouble.c,903 :: 		
0x020C	0x03FA      	DECF       R10, 1
;__Lib_MathDouble.c,904 :: 		
0x020D	0x301F      	MOVLW      31
;__Lib_MathDouble.c,905 :: 		
0x020E	0x057A      	ANDWF      R10, 0
;__Lib_MathDouble.c,906 :: 		
0x020F	0x1D03      	BTFSS      STATUS, 2
;__Lib_MathDouble.c,907 :: 		
0x0210	0x29EA      	GOTO       DLOOP32
;__Lib_MathDouble.c,909 :: 		
0x0211	0x1B7B      	BTFSC      R11, 6
;__Lib_MathDouble.c,910 :: 		
0x0212	0x1C7D      	BTFSS      R13, 0
;__Lib_MathDouble.c,911 :: 		
0x0213	0x2A33      	GOTO       DIV32OK
;__Lib_MathDouble.c,912 :: 		
0x0214	0x1003      	BCF        STATUS, 0
;__Lib_MathDouble.c,913 :: 		
0x0215	0x0DF0      	RLF        R0, 1
;__Lib_MathDouble.c,914 :: 		
0x0216	0x0DF1      	RLF        R1, 1
;__Lib_MathDouble.c,915 :: 		
0x0217	0x0DF2      	RLF        R2, 1
;__Lib_MathDouble.c,916 :: 		
0x0218	0x0DA0      	RLF        __math_tempbD, 1
;__Lib_MathDouble.c,918 :: 		
0x0219	0x0874      	MOVF       R4, 0
;__Lib_MathDouble.c,919 :: 		
0x021A	0x02F0      	SUBWF      R0, 1
;__Lib_MathDouble.c,920 :: 		
0x021B	0x0875      	MOVF       R5, 0
;__Lib_MathDouble.c,921 :: 		
0x021C	0x1C03      	BTFSS      STATUS, 0
;__Lib_MathDouble.c,922 :: 		
0x021D	0x0F75      	INCFSZ     R5, 0
;__Lib_MathDouble.c,923 :: 		
0x021E	0x02F1      	SUBWF      R1, 1
;__Lib_MathDouble.c,924 :: 		
0x021F	0x0876      	MOVF       R6, 0
;__Lib_MathDouble.c,925 :: 		
0x0220	0x1C03      	BTFSS      STATUS, 0
;__Lib_MathDouble.c,926 :: 		
0x0221	0x0F76      	INCFSZ     R6, 0
;__Lib_MathDouble.c,927 :: 		
0x0222	0x02F2      	SUBWF      R2, 1
;__Lib_MathDouble.c,928 :: 		
0x0223	0x0D76      	RLF        R6, 0
;__Lib_MathDouble.c,929 :: 		
0x0224	0x0420      	IORWF      __math_tempbD, 0
;__Lib_MathDouble.c,930 :: 		
0x0225	0x3901      	ANDLW      1
;__Lib_MathDouble.c,931 :: 		
0x0226	0x07FD      	ADDWF      R13, 1
;__Lib_MathDouble.c,932 :: 		
0x0227	0x1803      	BTFSC      STATUS, 0
;__Lib_MathDouble.c,933 :: 		
0x0228	0x0AFC      	INCF       R12, 1
;__Lib_MathDouble.c,934 :: 		
0x0229	0x1903      	BTFSC      STATUS, 2
;__Lib_MathDouble.c,935 :: 		
0x022A	0x0AF8      	INCF       R8, 1
;__Lib_MathDouble.c,936 :: 		
0x022B	0x1D03      	BTFSS      STATUS, 2
;__Lib_MathDouble.c,937 :: 		
0x022C	0x2A33      	GOTO       DIV32OK
;__Lib_MathDouble.c,938 :: 		
0x022D	0x0CF8      	RRF        R8, 1
;__Lib_MathDouble.c,939 :: 		
0x022E	0x0CFC      	RRF        R12, 1
;__Lib_MathDouble.c,940 :: 		
0x022F	0x0CFD      	RRF        R13, 1
;__Lib_MathDouble.c,941 :: 		
0x0230	0x0AF3      	INCF       R3, 1
;__Lib_MathDouble.c,942 :: 		
0x0231	0x1903      	BTFSC      STATUS, 2
;__Lib_MathDouble.c,943 :: 		
0x0232	0x2A43      	GOTO       JPDSETFOV32
;__Lib_MathDouble.c,944 :: 		
DIV32OK:
;__Lib_MathDouble.c,945 :: 		
0x0233	0x1FFA      	BTFSS      R10, 7
;__Lib_MathDouble.c,946 :: 		
0x0234	0x13F8      	BCF        R8, 7
;__Lib_MathDouble.c,947 :: 		
0x0235	0x0878      	MOVF       R8, 0
;__Lib_MathDouble.c,948 :: 		
0x0236	0x00F2      	MOVWF      R2
;__Lib_MathDouble.c,949 :: 		
0x0237	0x087C      	MOVF       R12, 0
;__Lib_MathDouble.c,950 :: 		
0x0238	0x00F1      	MOVWF      R1
;__Lib_MathDouble.c,951 :: 		
0x0239	0x087D      	MOVF       R13, 0
;__Lib_MathDouble.c,952 :: 		
0x023A	0x00F0      	MOVWF      R0
;__Lib_MathDouble.c,954 :: 		
0x023B	0x3000      	MOVLW      0
;__Lib_MathDouble.c,956 :: 		
0x023C	0x2A48      	GOTO       DIV32EEE
;__Lib_MathDouble.c,957 :: 		
JPDSETFDZ32:
;__Lib_MathDouble.c,958 :: 		
0x023D	0x3001      	MOVLW      1
;__Lib_MathDouble.c,961 :: 		
0x023E	0x20A0      	CALL       _SETFDZ32
;__Lib_MathDouble.c,963 :: 		
0x023F	0x2A48      	GOTO       DIV32EEE
;__Lib_MathDouble.c,964 :: 		
JPDRES032:
;__Lib_MathDouble.c,965 :: 		
0x0240	0x3002      	MOVLW      2
;__Lib_MathDouble.c,968 :: 		
0x0241	0x206B      	CALL       _RES032
;__Lib_MathDouble.c,970 :: 		
0x0242	0x2A48      	GOTO       DIV32EEE
;__Lib_MathDouble.c,971 :: 		
JPDSETFOV32:
;__Lib_MathDouble.c,972 :: 		
0x0243	0x3004      	MOVLW      4
;__Lib_MathDouble.c,975 :: 		
0x0244	0x208F      	CALL       _SETFOV32
;__Lib_MathDouble.c,977 :: 		
0x0245	0x2A48      	GOTO       DIV32EEE
;__Lib_MathDouble.c,978 :: 		
JPDSETFUN32:
;__Lib_MathDouble.c,979 :: 		
0x0246	0x3008      	MOVLW      8
;__Lib_MathDouble.c,982 :: 		
0x0247	0x2072      	CALL       _SETFUN32
;__Lib_MathDouble.c,984 :: 		
DIV32EEE:
;__Lib_MathDouble.c,985 :: 		
0x0248	0x0000      	NOP
;__Lib_MathDouble.c,994 :: 		
L_end_Div_32x32_FP:
0x0249	0x0008      	RETURN
; end of _Div_32x32_FP
_move_left:
;MyProject.c,272 :: 		void move_left(){
;MyProject.c,273 :: 		stop_moving();
0x024A	0x212F      	CALL       _stop_moving
;MyProject.c,275 :: 		Speed(90);
0x024B	0x305A      	MOVLW      90
0x024C	0x00C0      	MOVWF      FARG_Speed_p
0x024D	0x3000      	MOVLW      0
0x024E	0x00C1      	MOVWF      FARG_Speed_p+1
0x024F	0x209B      	CALL       _Speed
;MyProject.c,277 :: 		PORTB = PORTB | 0b00000001;
0x0250	0x1406      	BSF        PORTB, 0
;MyProject.c,278 :: 		PORTB = PORTB | 0b00001000;
0x0251	0x1586      	BSF        PORTB, 3
;MyProject.c,279 :: 		}
L_end_move_left:
0x0252	0x0008      	RETURN
; end of _move_left
_____DoICP:
;__Lib_System.c,6 :: 		
;__Lib_System.c,9 :: 		
0x0253	0x1283      	BCF        STATUS, 5
0x0254	0x1303      	BCF        STATUS, 6
0x0255	0x0829      	MOVF       ___DoICPAddr+1, 0
0x0256	0x008A      	MOVWF      PCLATH
;__Lib_System.c,10 :: 		
0x0257	0x0828      	MOVF       ___DoICPAddr, 0
0x0258	0x0082      	MOVWF      PCL
;__Lib_System.c,12 :: 		
L_end_____DoICP:
0x0259	0x0008      	RETURN
; end of _____DoICP
_Div_16x16_S:
;__Lib_Math.c,480 :: 		
;__Lib_Math.c,488 :: 		
0x025A	0x1283      	BCF        STATUS, 5
0x025B	0x1303      	BCF        STATUS, 6
0x025C	0x0874      	MOVF       R4, 0
0x025D	0x3A00      	XORLW      0
0x025E	0x1D03      	BTFSS      STATUS, 2
0x025F	0x2A69      	GOTO       L_Div_16x16_S0
;__Lib_Math.c,489 :: 		
0x0260	0x0875      	MOVF       R5, 0
0x0261	0x3A00      	XORLW      0
0x0262	0x1D03      	BTFSS      STATUS, 2
0x0263	0x2A69      	GOTO       L_Div_16x16_S1
;__Lib_Math.c,490 :: 		
0x0264	0x30FF      	MOVLW      255
0x0265	0x00F0      	MOVWF      R0
;__Lib_Math.c,491 :: 		
0x0266	0x307F      	MOVLW      127
0x0267	0x00F1      	MOVWF      R1
;__Lib_Math.c,492 :: 		
0x0268	0x2AC2      	GOTO       L_end_Div_16x16_S
;__Lib_Math.c,493 :: 		
L_Div_16x16_S1:
L_Div_16x16_S0:
;__Lib_Math.c,496 :: 		
0x0269	0x1283      	BCF        STATUS, 5
;__Lib_Math.c,497 :: 		
0x026A	0x1303      	BCF        STATUS, 6
;__Lib_Math.c,498 :: 		
0x026B	0x01FD      	CLRF       R13
;__Lib_Math.c,499 :: 		
0x026C	0x01F9      	CLRF       R9
;__Lib_Math.c,500 :: 		
0x026D	0x01F8      	CLRF       R8
;__Lib_Math.c,501 :: 		
0x026E	0x0871      	MOVF       R1, 0
;__Lib_Math.c,502 :: 		
0x026F	0x0470      	IORWF      R0, 0
;__Lib_Math.c,503 :: 		
0x0270	0x1903      	BTFSC      STATUS, 2
;__Lib_Math.c,504 :: 		
0x0271	0x3400      	RETLW      0
;__Lib_Math.c,506 :: 		
0x0272	0x0871      	MOVF       R1, 0
;__Lib_Math.c,507 :: 		
0x0273	0x0675      	XORWF      R5, 0
;__Lib_Math.c,508 :: 		
0x0274	0x00FA      	MOVWF      R10
;__Lib_Math.c,509 :: 		
0x0275	0x1BFA      	BTFSC      R10, 7
;__Lib_Math.c,510 :: 		
0x0276	0x09FD      	COMF       R13, 1
;__Lib_Math.c,512 :: 		
0x0277	0x01FB      	CLRF       R11
;__Lib_Math.c,514 :: 		
0x0278	0x1FF5      	BTFSS      R5, 7
;__Lib_Math.c,515 :: 		
0x0279	0x2A7F      	GOTO       $+6
;__Lib_Math.c,517 :: 		
0x027A	0x09F4      	COMF       R4, 1
;__Lib_Math.c,518 :: 		
0x027B	0x09F5      	COMF       R5, 1
;__Lib_Math.c,519 :: 		
0x027C	0x0AF4      	INCF       R4, 1
;__Lib_Math.c,520 :: 		
0x027D	0x1903      	BTFSC      STATUS, 2
;__Lib_Math.c,521 :: 		
0x027E	0x0AF5      	INCF       R5, 1
;__Lib_Math.c,523 :: 		
0x027F	0x1FF1      	BTFSS      R1, 7
;__Lib_Math.c,524 :: 		
0x0280	0x2A86      	GOTO       $+6
;__Lib_Math.c,526 :: 		
0x0281	0x09F0      	COMF       R0, 1
;__Lib_Math.c,527 :: 		
0x0282	0x09F1      	COMF       R1, 1
;__Lib_Math.c,528 :: 		
0x0283	0x0AF0      	INCF       R0, 1
;__Lib_Math.c,529 :: 		
0x0284	0x1903      	BTFSC      STATUS, 2
;__Lib_Math.c,530 :: 		
0x0285	0x0AF1      	INCF       R1, 1
;__Lib_Math.c,532 :: 		
0x0286	0x0871      	MOVF       R1, 0
;__Lib_Math.c,533 :: 		
0x0287	0x0475      	IORWF      R5, 0
;__Lib_Math.c,534 :: 		
0x0288	0x00FA      	MOVWF      R10
;__Lib_Math.c,535 :: 		
0x0289	0x1BFA      	BTFSC      R10, 7
;__Lib_Math.c,536 :: 		
0x028A	0x2A9B      	GOTO       $+17
;__Lib_Math.c,538 :: 		
0x028B	0x2137      	CALL       _Div_16x16_S_L
;__Lib_Math.c,540 :: 		
0x028C	0x187B      	BTFSC      R11, 0
;__Lib_Math.c,541 :: 		
0x028D	0x2AAE      	GOTO       $+33
;__Lib_Math.c,543 :: 		
0x028E	0x1FFD      	BTFSS      R13, 7
;__Lib_Math.c,544 :: 		
0x028F	0x3400      	RETLW      0
;__Lib_Math.c,546 :: 		
0x0290	0x09F0      	COMF       R0, 1
;__Lib_Math.c,547 :: 		
0x0291	0x09F1      	COMF       R1, 1
;__Lib_Math.c,548 :: 		
0x0292	0x0AF0      	INCF       R0, 1
;__Lib_Math.c,549 :: 		
0x0293	0x1903      	BTFSC      STATUS, 2
;__Lib_Math.c,550 :: 		
0x0294	0x0AF1      	INCF       R1, 1
;__Lib_Math.c,552 :: 		
0x0295	0x09F8      	COMF       R8, 1
;__Lib_Math.c,553 :: 		
0x0296	0x09F9      	COMF       R9, 1
;__Lib_Math.c,554 :: 		
0x0297	0x0AF8      	INCF       R8, 1
;__Lib_Math.c,555 :: 		
0x0298	0x1903      	BTFSC      STATUS, 2
;__Lib_Math.c,556 :: 		
0x0299	0x0AF9      	INCF       R9, 1
;__Lib_Math.c,558 :: 		
0x029A	0x3400      	RETLW      0
;__Lib_Math.c,560 :: 		
0x029B	0x1FF5      	BTFSS      R5, 7
;__Lib_Math.c,561 :: 		
0x029C	0x2AAA      	GOTO       $+14
;__Lib_Math.c,562 :: 		
0x029D	0x1BF1      	BTFSC      R1, 7
;__Lib_Math.c,563 :: 		
0x029E	0x2AA6      	GOTO       $+8
;__Lib_Math.c,564 :: 		
0x029F	0x0871      	MOVF       R1, 0
;__Lib_Math.c,565 :: 		
0x02A0	0x00F9      	MOVWF      R9
;__Lib_Math.c,566 :: 		
0x02A1	0x0870      	MOVF       R0, 0
;__Lib_Math.c,567 :: 		
0x02A2	0x00F8      	MOVWF      R8
;__Lib_Math.c,568 :: 		
0x02A3	0x01F1      	CLRF       R1
;__Lib_Math.c,569 :: 		
0x02A4	0x01F0      	CLRF       R0
;__Lib_Math.c,570 :: 		
0x02A5	0x2A8E      	GOTO       $-23
;__Lib_Math.c,571 :: 		
0x02A6	0x01F1      	CLRF       R1
;__Lib_Math.c,572 :: 		
0x02A7	0x01F0      	CLRF       R0
;__Lib_Math.c,573 :: 		
0x02A8	0x0AF0      	INCF       R0, 1
;__Lib_Math.c,574 :: 		
0x02A9	0x3400      	RETLW      0
;__Lib_Math.c,576 :: 		
0x02AA	0x09F1      	COMF       R1, 1
;__Lib_Math.c,577 :: 		
0x02AB	0x09F0      	COMF       R0, 1
;__Lib_Math.c,578 :: 		
0x02AC	0x0AFB      	INCF       R11, 1
;__Lib_Math.c,579 :: 		
0x02AD	0x2A8B      	GOTO       $-34
;__Lib_Math.c,581 :: 		
0x02AE	0x0AF8      	INCF       R8, 1
;__Lib_Math.c,582 :: 		
0x02AF	0x1903      	BTFSC      STATUS, 2
;__Lib_Math.c,583 :: 		
0x02B0	0x0AF9      	INCF       R9, 1
;__Lib_Math.c,584 :: 		
0x02B1	0x0874      	MOVF       R4, 0
;__Lib_Math.c,585 :: 		
0x02B2	0x0278      	SUBWF      R8, 0
;__Lib_Math.c,586 :: 		
0x02B3	0x1D03      	BTFSS      STATUS, 2
;__Lib_Math.c,587 :: 		
0x02B4	0x2A8E      	GOTO       $-38
;__Lib_Math.c,588 :: 		
0x02B5	0x0875      	MOVF       R5, 0
;__Lib_Math.c,589 :: 		
0x02B6	0x0279      	SUBWF      R9, 0
;__Lib_Math.c,590 :: 		
0x02B7	0x1D03      	BTFSS      STATUS, 2
;__Lib_Math.c,591 :: 		
0x02B8	0x2A8E      	GOTO       $-42
;__Lib_Math.c,592 :: 		
0x02B9	0x01F9      	CLRF       R9
;__Lib_Math.c,593 :: 		
0x02BA	0x01F8      	CLRF       R8
;__Lib_Math.c,594 :: 		
0x02BB	0x0AF0      	INCF       R0, 1
;__Lib_Math.c,595 :: 		
0x02BC	0x1903      	BTFSC      STATUS, 2
;__Lib_Math.c,596 :: 		
0x02BD	0x0AF1      	INCF       R1, 1
;__Lib_Math.c,597 :: 		
0x02BE	0x1FF1      	BTFSS      R1, 7
;__Lib_Math.c,598 :: 		
0x02BF	0x2A8E      	GOTO       $-49
;__Lib_Math.c,599 :: 		
0x02C0	0x0000      	NOP
;__Lib_Math.c,600 :: 		
0x02C1	0x34FF      	RETLW      255
;__Lib_Math.c,602 :: 		
L_end_Div_16x16_S:
0x02C2	0x0008      	RETURN
; end of _Div_16x16_S
_move_backwards:
;MyProject.c,297 :: 		void move_backwards(){
;MyProject.c,298 :: 		stop_moving();
0x02C3	0x212F      	CALL       _stop_moving
;MyProject.c,299 :: 		Speed(90);
0x02C4	0x305A      	MOVLW      90
0x02C5	0x00C0      	MOVWF      FARG_Speed_p
0x02C6	0x3000      	MOVLW      0
0x02C7	0x00C1      	MOVWF      FARG_Speed_p+1
0x02C8	0x209B      	CALL       _Speed
;MyProject.c,300 :: 		PORTB = PORTB | 0b00000010;
0x02C9	0x1486      	BSF        PORTB, 1
;MyProject.c,301 :: 		PORTB = PORTB | 0b00001000;
0x02CA	0x1586      	BSF        PORTB, 3
;MyProject.c,302 :: 		}
L_end_move_backwards:
0x02CB	0x0008      	RETURN
; end of _move_backwards
_dist:
;MyProject.c,363 :: 		int dist(){
;MyProject.c,364 :: 		int d = 0;
0x02CC	0x1283      	BCF        STATUS, 5
0x02CD	0x1303      	BCF        STATUS, 6
0x02CE	0x01BC      	CLRF       dist_d_L0
0x02CF	0x01BD      	CLRF       dist_d_L0+1
;MyProject.c,365 :: 		T1CON = 0x10; // Use internal clock, no prescaler
0x02D0	0x3010      	MOVLW      16
0x02D1	0x0090      	MOVWF      T1CON
;MyProject.c,366 :: 		delayy(100);
0x02D2	0x3064      	MOVLW      100
0x02D3	0x00BE      	MOVWF      FARG_delayy_time_ms
0x02D4	0x3000      	MOVLW      0
0x02D5	0x00BF      	MOVWF      FARG_delayy_time_ms+1
0x02D6	0x2163      	CALL       _delayy
;MyProject.c,369 :: 		TMR1H = 0;                  // Reset Timer1
0x02D7	0x018F      	CLRF       TMR1H
;MyProject.c,370 :: 		TMR1L = 0;
0x02D8	0x018E      	CLRF       TMR1L
;MyProject.c,372 :: 		PORTC = PORTC | 0b01000000; // Trigger HIGH
0x02D9	0x1707      	BSF        PORTC, 6
;MyProject.c,373 :: 		delayy(1);               // 1 ms delay
0x02DA	0x3001      	MOVLW      1
0x02DB	0x00BE      	MOVWF      FARG_delayy_time_ms
0x02DC	0x3000      	MOVLW      0
0x02DD	0x00BF      	MOVWF      FARG_delayy_time_ms+1
0x02DE	0x2163      	CALL       _delayy
;MyProject.c,374 :: 		PORTC = PORTC & 0b10111111; // Trigger LOW
0x02DF	0x30BF      	MOVLW      191
0x02E0	0x0587      	ANDWF      PORTC, 1
;MyProject.c,376 :: 		while (!(PORTC & 0b10000000));
L_dist48:
0x02E1	0x1B87      	BTFSC      PORTC, 7
0x02E2	0x2AE4      	GOTO       L_dist49
0x02E3	0x2AE1      	GOTO       L_dist48
L_dist49:
;MyProject.c,379 :: 		T1CON = T1CON | 0b00000001; // Start Timer
0x02E4	0x1410      	BSF        T1CON, 0
;MyProject.c,382 :: 		while (PORTC & 0b10000000);
L_dist50:
0x02E5	0x1F87      	BTFSS      PORTC, 7
0x02E6	0x2AE8      	GOTO       L_dist51
0x02E7	0x2AE5      	GOTO       L_dist50
L_dist51:
;MyProject.c,385 :: 		T1CON = T1CON & 0b11111110; // Stop Timer
0x02E8	0x30FE      	MOVLW      254
0x02E9	0x0590      	ANDWF      T1CON, 1
;MyProject.c,387 :: 		d = (TMR1L | (TMR1H << 8)); // Read Timer1 value
0x02EA	0x080F      	MOVF       TMR1H, 0
0x02EB	0x00F1      	MOVWF      R0+1
0x02EC	0x01F0      	CLRF       R0
0x02ED	0x080E      	MOVF       TMR1L, 0
0x02EE	0x04F0      	IORWF      R0, 1
0x02EF	0x3000      	MOVLW      0
0x02F0	0x04F1      	IORWF      R0+1, 1
0x02F1	0x0870      	MOVF       R0, 0
0x02F2	0x00BC      	MOVWF      dist_d_L0
0x02F3	0x0871      	MOVF       R0+1, 0
0x02F4	0x00BD      	MOVWF      dist_d_L0+1
;MyProject.c,388 :: 		d = d / 58.82;           // Convert time to distance (cm)
0x02F5	0x2175      	CALL       _int2double
0x02F6	0x30AE      	MOVLW      174
0x02F7	0x00F4      	MOVWF      R4
0x02F8	0x3047      	MOVLW      71
0x02F9	0x00F5      	MOVWF      R4+1
0x02FA	0x306B      	MOVLW      107
0x02FB	0x00F6      	MOVWF      R4+2
0x02FC	0x3084      	MOVLW      132
0x02FD	0x00F7      	MOVWF      R4+3
0x02FE	0x2193      	CALL       _Div_32x32_FP
0x02FF	0x20D2      	CALL       _double2int
0x0300	0x0870      	MOVF       R0, 0
0x0301	0x00BC      	MOVWF      dist_d_L0
0x0302	0x0871      	MOVF       R0+1, 0
0x0303	0x00BD      	MOVWF      dist_d_L0+1
;MyProject.c,391 :: 		delayy(10);
0x0304	0x300A      	MOVLW      10
0x0305	0x00BE      	MOVWF      FARG_delayy_time_ms
0x0306	0x3000      	MOVLW      0
0x0307	0x00BF      	MOVWF      FARG_delayy_time_ms+1
0x0308	0x2163      	CALL       _delayy
;MyProject.c,392 :: 		T1CON = 0x01;
0x0309	0x3001      	MOVLW      1
0x030A	0x0090      	MOVWF      T1CON
;MyProject.c,393 :: 		return d;
0x030B	0x083C      	MOVF       dist_d_L0, 0
0x030C	0x00F0      	MOVWF      R0
0x030D	0x083D      	MOVF       dist_d_L0+1, 0
0x030E	0x00F1      	MOVWF      R0+1
;MyProject.c,395 :: 		}
L_end_dist:
0x030F	0x0008      	RETURN
; end of _dist
_move_forward:
;MyProject.c,288 :: 		void move_forward(){
;MyProject.c,289 :: 		stop_moving();
0x0310	0x212F      	CALL       _stop_moving
;MyProject.c,290 :: 		Speed(170);
0x0311	0x30AA      	MOVLW      170
0x0312	0x00C0      	MOVWF      FARG_Speed_p
0x0313	0x01C1      	CLRF       FARG_Speed_p+1
0x0314	0x209B      	CALL       _Speed
;MyProject.c,292 :: 		PORTB = PORTB |0b00000001;
0x0315	0x1406      	BSF        PORTB, 0
;MyProject.c,293 :: 		PORTB = PORTB |0b00000100;
0x0316	0x1506      	BSF        PORTB, 2
;MyProject.c,295 :: 		}
L_end_move_forward:
0x0317	0x0008      	RETURN
; end of _move_forward
_move_right:
;MyProject.c,281 :: 		void move_right(){
;MyProject.c,282 :: 		stop_moving();
0x0318	0x212F      	CALL       _stop_moving
;MyProject.c,283 :: 		Speed(90);
0x0319	0x305A      	MOVLW      90
0x031A	0x00C0      	MOVWF      FARG_Speed_p
0x031B	0x3000      	MOVLW      0
0x031C	0x00C1      	MOVWF      FARG_Speed_p+1
0x031D	0x209B      	CALL       _Speed
;MyProject.c,284 :: 		PORTB = PORTB | 0b00000100;
0x031E	0x1506      	BSF        PORTB, 2
;MyProject.c,285 :: 		PORTB = PORTB | 0b00000010;
0x031F	0x1486      	BSF        PORTB, 1
;MyProject.c,286 :: 		}
L_end_move_right:
0x0320	0x0008      	RETURN
; end of _move_right
_ATD_read_A0:
;MyProject.c,190 :: 		int ATD_read_A0(){
;MyProject.c,191 :: 		ADCON0=ADCON0 | 0x04;  // GO
0x0321	0x1283      	BCF        STATUS, 5
0x0322	0x1303      	BCF        STATUS, 6
0x0323	0x151F      	BSF        ADCON0, 2
;MyProject.c,192 :: 		while(ADCON0&0x04);    // wait until DONE
L_ATD_read_A015:
0x0324	0x1D1F      	BTFSS      ADCON0, 2
0x0325	0x2B27      	GOTO       L_ATD_read_A016
0x0326	0x2B24      	GOTO       L_ATD_read_A015
L_ATD_read_A016:
;MyProject.c,193 :: 		return (ADRESH<<8)|ADRESL;
0x0327	0x081E      	MOVF       ADRESH, 0
0x0328	0x00F1      	MOVWF      R0+1
0x0329	0x01F0      	CLRF       R0
0x032A	0x1683      	BSF        STATUS, 5
0x032B	0x081E      	MOVF       ADRESL, 0
0x032C	0x04F0      	IORWF      R0, 1
0x032D	0x3000      	MOVLW      0
0x032E	0x04F1      	IORWF      R0+1, 1
;MyProject.c,195 :: 		}
L_end_ATD_read_A0:
0x032F	0x0008      	RETURN
; end of _ATD_read_A0
_check_front_left:
;MyProject.c,220 :: 		void check_front_left(){
;MyProject.c,222 :: 		if ((PORTD & 0b00000010)){
0x0330	0x1283      	BCF        STATUS, 5
0x0331	0x1303      	BCF        STATUS, 6
0x0332	0x1C88      	BTFSS      PORTD, 1
0x0333	0x2B48      	GOTO       L_check_front_left22
;MyProject.c,223 :: 		tick1 = 0;
0x0334	0x01B2      	CLRF       _tick1
0x0335	0x01B3      	CLRF       _tick1+1
;MyProject.c,225 :: 		while(!(PORTD & 0b00000100)){
L_check_front_left23:
0x0336	0x1908      	BTFSC      PORTD, 2
0x0337	0x2B47      	GOTO       L_check_front_left24
;MyProject.c,227 :: 		if (tick1 >= turning_time_delay) break;
0x0338	0x3080      	MOVLW      128
0x0339	0x0633      	XORWF      _tick1+1, 0
0x033A	0x00F0      	MOVWF      R0
0x033B	0x3080      	MOVLW      128
0x033C	0x0627      	XORWF      _turning_time_delay+1, 0
0x033D	0x0270      	SUBWF      R0, 0
0x033E	0x1D03      	BTFSS      STATUS, 2
0x033F	0x2B42      	GOTO       L__check_front_left70
0x0340	0x0826      	MOVF       _turning_time_delay, 0
0x0341	0x0232      	SUBWF      _tick1, 0
L__check_front_left70:
0x0342	0x1C03      	BTFSS      STATUS, 0
0x0343	0x2B45      	GOTO       L_check_front_left25
0x0344	0x2B47      	GOTO       L_check_front_left24
L_check_front_left25:
;MyProject.c,228 :: 		move_left();
0x0345	0x224A      	CALL       _move_left
;MyProject.c,229 :: 		}
0x0346	0x2B36      	GOTO       L_check_front_left23
L_check_front_left24:
;MyProject.c,231 :: 		stop_moving();
0x0347	0x212F      	CALL       _stop_moving
;MyProject.c,232 :: 		}
L_check_front_left22:
;MyProject.c,233 :: 		}
L_end_check_front_left:
0x0348	0x0008      	RETURN
; end of _check_front_left
_check_front_right:
;MyProject.c,200 :: 		void check_front_right(){
;MyProject.c,202 :: 		if(PORTD & 0b00000001){
0x0349	0x1283      	BCF        STATUS, 5
0x034A	0x1303      	BCF        STATUS, 6
0x034B	0x1C08      	BTFSS      PORTD, 0
0x034C	0x2B6E      	GOTO       L_check_front_right17
;MyProject.c,203 :: 		tick1 = 0;
0x034D	0x01B2      	CLRF       _tick1
0x034E	0x01B3      	CLRF       _tick1+1
;MyProject.c,205 :: 		while(!(PORTD & 0b00000100)){
L_check_front_right18:
0x034F	0x1908      	BTFSC      PORTD, 2
0x0350	0x2B60      	GOTO       L_check_front_right19
;MyProject.c,208 :: 		if (tick1 >= turning_time_delay) break;
0x0351	0x3080      	MOVLW      128
0x0352	0x0633      	XORWF      _tick1+1, 0
0x0353	0x00F0      	MOVWF      R0
0x0354	0x3080      	MOVLW      128
0x0355	0x0627      	XORWF      _turning_time_delay+1, 0
0x0356	0x0270      	SUBWF      R0, 0
0x0357	0x1D03      	BTFSS      STATUS, 2
0x0358	0x2B5B      	GOTO       L__check_front_right68
0x0359	0x0826      	MOVF       _turning_time_delay, 0
0x035A	0x0232      	SUBWF      _tick1, 0
L__check_front_right68:
0x035B	0x1C03      	BTFSS      STATUS, 0
0x035C	0x2B5E      	GOTO       L_check_front_right20
0x035D	0x2B60      	GOTO       L_check_front_right19
L_check_front_right20:
;MyProject.c,210 :: 		move_right();
0x035E	0x2318      	CALL       _move_right
;MyProject.c,212 :: 		}
0x035F	0x2B4F      	GOTO       L_check_front_right18
L_check_front_right19:
;MyProject.c,213 :: 		delay_ms(100);
0x0360	0x3002      	MOVLW      2
0x0361	0x00FB      	MOVWF      R11
0x0362	0x3004      	MOVLW      4
0x0363	0x00FC      	MOVWF      R12
0x0364	0x30BA      	MOVLW      186
0x0365	0x00FD      	MOVWF      R13
L_check_front_right21:
0x0366	0x0BFD      	DECFSZ     R13, 1
0x0367	0x2B66      	GOTO       L_check_front_right21
0x0368	0x0BFC      	DECFSZ     R12, 1
0x0369	0x2B66      	GOTO       L_check_front_right21
0x036A	0x0BFB      	DECFSZ     R11, 1
0x036B	0x2B66      	GOTO       L_check_front_right21
0x036C	0x0000      	NOP
;MyProject.c,215 :: 		stop_moving();
0x036D	0x212F      	CALL       _stop_moving
;MyProject.c,216 :: 		}
L_check_front_right17:
;MyProject.c,217 :: 		}
L_end_check_front_right:
0x036E	0x0008      	RETURN
; end of _check_front_right
_adjust_position:
;MyProject.c,306 :: 		void adjust_position(){
;MyProject.c,307 :: 		while((PORTD & 0b00000100)){
L_adjust_position37:
0x036F	0x1283      	BCF        STATUS, 5
0x0370	0x1303      	BCF        STATUS, 6
0x0371	0x1D08      	BTFSS      PORTD, 2
0x0372	0x2B9C      	GOTO       L_adjust_position38
;MyProject.c,308 :: 		sensor_voltage = ATD_read_A0();
0x0373	0x2321      	CALL       _ATD_read_A0
0x0374	0x0870      	MOVF       R0, 0
0x0375	0x1283      	BCF        STATUS, 5
0x0376	0x00AC      	MOVWF      _sensor_voltage
0x0377	0x0871      	MOVF       R0+1, 0
0x0378	0x00AD      	MOVWF      _sensor_voltage+1
;MyProject.c,309 :: 		while(sensor_voltage < 70){
L_adjust_position39:
0x0379	0x3080      	MOVLW      128
0x037A	0x062D      	XORWF      _sensor_voltage+1, 0
0x037B	0x00F0      	MOVWF      R0
0x037C	0x3080      	MOVLW      128
0x037D	0x0270      	SUBWF      R0, 0
0x037E	0x1D03      	BTFSS      STATUS, 2
0x037F	0x2B82      	GOTO       L__adjust_position82
0x0380	0x3046      	MOVLW      70
0x0381	0x022C      	SUBWF      _sensor_voltage, 0
L__adjust_position82:
0x0382	0x1803      	BTFSC      STATUS, 0
0x0383	0x2B8C      	GOTO       L_adjust_position40
;MyProject.c,310 :: 		move_backwards();
0x0384	0x22C3      	CALL       _move_backwards
;MyProject.c,311 :: 		sensor_voltage = ATD_read_A0();
0x0385	0x2321      	CALL       _ATD_read_A0
0x0386	0x0870      	MOVF       R0, 0
0x0387	0x1283      	BCF        STATUS, 5
0x0388	0x00AC      	MOVWF      _sensor_voltage
0x0389	0x0871      	MOVF       R0+1, 0
0x038A	0x00AD      	MOVWF      _sensor_voltage+1
;MyProject.c,312 :: 		}
0x038B	0x2B79      	GOTO       L_adjust_position39
L_adjust_position40:
;MyProject.c,314 :: 		if( sensor_voltage>=70) {break;}
0x038C	0x3080      	MOVLW      128
0x038D	0x062D      	XORWF      _sensor_voltage+1, 0
0x038E	0x00F0      	MOVWF      R0
0x038F	0x3080      	MOVLW      128
0x0390	0x0270      	SUBWF      R0, 0
0x0391	0x1D03      	BTFSS      STATUS, 2
0x0392	0x2B95      	GOTO       L__adjust_position83
0x0393	0x3046      	MOVLW      70
0x0394	0x022C      	SUBWF      _sensor_voltage, 0
L__adjust_position83:
0x0395	0x1C03      	BTFSS      STATUS, 0
0x0396	0x2B98      	GOTO       L_adjust_position41
0x0397	0x2B9C      	GOTO       L_adjust_position38
L_adjust_position41:
;MyProject.c,315 :: 		if(!(PORTD & 0b00000100)){break;}
0x0398	0x1908      	BTFSC      PORTD, 2
0x0399	0x2B9B      	GOTO       L_adjust_position42
0x039A	0x2B9C      	GOTO       L_adjust_position38
L_adjust_position42:
;MyProject.c,316 :: 		}
0x039B	0x2B6F      	GOTO       L_adjust_position37
L_adjust_position38:
;MyProject.c,317 :: 		delayy(100);
0x039C	0x3064      	MOVLW      100
0x039D	0x00BE      	MOVWF      FARG_delayy_time_ms
0x039E	0x3000      	MOVLW      0
0x039F	0x00BF      	MOVWF      FARG_delayy_time_ms+1
0x03A0	0x2163      	CALL       _delayy
;MyProject.c,318 :: 		stop_moving();
0x03A1	0x212F      	CALL       _stop_moving
;MyProject.c,319 :: 		}
L_end_adjust_position:
0x03A2	0x0008      	RETURN
; end of _adjust_position
_check_front:
;MyProject.c,235 :: 		void check_front(){
;MyProject.c,236 :: 		while((PORTD & 0b00000100)){
L_check_front26:
0x03A3	0x1283      	BCF        STATUS, 5
0x03A4	0x1303      	BCF        STATUS, 6
0x03A5	0x1D08      	BTFSS      PORTD, 2
0x03A6	0x2C05      	GOTO       L_check_front27
;MyProject.c,237 :: 		sensor_voltage = ATD_read_A0();
0x03A7	0x2321      	CALL       _ATD_read_A0
0x03A8	0x0870      	MOVF       R0, 0
0x03A9	0x1283      	BCF        STATUS, 5
0x03AA	0x00AC      	MOVWF      _sensor_voltage
0x03AB	0x0871      	MOVF       R0+1, 0
0x03AC	0x00AD      	MOVWF      _sensor_voltage+1
;MyProject.c,240 :: 		while(sensor_voltage <= 70 || sensor_voltage >= 400){
L_check_front28:
0x03AD	0x3080      	MOVLW      128
0x03AE	0x00F0      	MOVWF      R0
0x03AF	0x3080      	MOVLW      128
0x03B0	0x062D      	XORWF      _sensor_voltage+1, 0
0x03B1	0x0270      	SUBWF      R0, 0
0x03B2	0x1D03      	BTFSS      STATUS, 2
0x03B3	0x2BB6      	GOTO       L__check_front72
0x03B4	0x082C      	MOVF       _sensor_voltage, 0
0x03B5	0x3C46      	SUBLW      70
L__check_front72:
0x03B6	0x1803      	BTFSC      STATUS, 0
0x03B7	0x2BC5      	GOTO       L__check_front52
0x03B8	0x3080      	MOVLW      128
0x03B9	0x062D      	XORWF      _sensor_voltage+1, 0
0x03BA	0x00F0      	MOVWF      R0
0x03BB	0x3080      	MOVLW      128
0x03BC	0x3A01      	XORLW      1
0x03BD	0x0270      	SUBWF      R0, 0
0x03BE	0x1D03      	BTFSS      STATUS, 2
0x03BF	0x2BC2      	GOTO       L__check_front73
0x03C0	0x3090      	MOVLW      144
0x03C1	0x022C      	SUBWF      _sensor_voltage, 0
L__check_front73:
0x03C2	0x1803      	BTFSC      STATUS, 0
0x03C3	0x2BC5      	GOTO       L__check_front52
0x03C4	0x2BF5      	GOTO       L_check_front29
L__check_front52:
;MyProject.c,241 :: 		sensor_voltage = ATD_read_A0();
0x03C5	0x2321      	CALL       _ATD_read_A0
0x03C6	0x0870      	MOVF       R0, 0
0x03C7	0x1283      	BCF        STATUS, 5
0x03C8	0x00AC      	MOVWF      _sensor_voltage
0x03C9	0x0871      	MOVF       R0+1, 0
0x03CA	0x00AD      	MOVWF      _sensor_voltage+1
;MyProject.c,242 :: 		move_forward();
0x03CB	0x2310      	CALL       _move_forward
;MyProject.c,243 :: 		distance=dist();
0x03CC	0x22CC      	CALL       _dist
0x03CD	0x0870      	MOVF       R0, 0
0x03CE	0x00B4      	MOVWF      _distance
0x03CF	0x0871      	MOVF       R0+1, 0
0x03D0	0x00B5      	MOVWF      _distance+1
;MyProject.c,244 :: 		if(distance<20){
0x03D1	0x3080      	MOVLW      128
0x03D2	0x0671      	XORWF      R0+1, 0
0x03D3	0x00F2      	MOVWF      R2
0x03D4	0x3080      	MOVLW      128
0x03D5	0x0272      	SUBWF      R2, 0
0x03D6	0x1D03      	BTFSS      STATUS, 2
0x03D7	0x2BDA      	GOTO       L__check_front74
0x03D8	0x3014      	MOVLW      20
0x03D9	0x0270      	SUBWF      R0, 0
L__check_front74:
0x03DA	0x1803      	BTFSC      STATUS, 0
0x03DB	0x2BF0      	GOTO       L_check_front32
;MyProject.c,245 :: 		move_right();
0x03DC	0x2318      	CALL       _move_right
;MyProject.c,246 :: 		delayy(2000);
0x03DD	0x30D0      	MOVLW      208
0x03DE	0x00BE      	MOVWF      FARG_delayy_time_ms
0x03DF	0x3007      	MOVLW      7
0x03E0	0x00BF      	MOVWF      FARG_delayy_time_ms+1
0x03E1	0x2163      	CALL       _delayy
;MyProject.c,247 :: 		move_forward();
0x03E2	0x2310      	CALL       _move_forward
;MyProject.c,248 :: 		delayy(2000);
0x03E3	0x30D0      	MOVLW      208
0x03E4	0x00BE      	MOVWF      FARG_delayy_time_ms
0x03E5	0x3007      	MOVLW      7
0x03E6	0x00BF      	MOVWF      FARG_delayy_time_ms+1
0x03E7	0x2163      	CALL       _delayy
;MyProject.c,249 :: 		move_left();
0x03E8	0x224A      	CALL       _move_left
;MyProject.c,250 :: 		delayy(2000);
0x03E9	0x30D0      	MOVLW      208
0x03EA	0x00BE      	MOVWF      FARG_delayy_time_ms
0x03EB	0x3007      	MOVLW      7
0x03EC	0x00BF      	MOVWF      FARG_delayy_time_ms+1
0x03ED	0x2163      	CALL       _delayy
;MyProject.c,251 :: 		move_forward();
0x03EE	0x2310      	CALL       _move_forward
;MyProject.c,252 :: 		}else{move_forward();}
0x03EF	0x2BF1      	GOTO       L_check_front33
L_check_front32:
0x03F0	0x2310      	CALL       _move_forward
L_check_front33:
;MyProject.c,253 :: 		if(!(PORTD & 0b00000100)){break;}
0x03F1	0x1908      	BTFSC      PORTD, 2
0x03F2	0x2BF4      	GOTO       L_check_front34
0x03F3	0x2BF5      	GOTO       L_check_front29
L_check_front34:
;MyProject.c,254 :: 		}
0x03F4	0x2BAD      	GOTO       L_check_front28
L_check_front29:
;MyProject.c,255 :: 		if(sensor_voltage <= 70) {break;}
0x03F5	0x3080      	MOVLW      128
0x03F6	0x00F0      	MOVWF      R0
0x03F7	0x3080      	MOVLW      128
0x03F8	0x062D      	XORWF      _sensor_voltage+1, 0
0x03F9	0x0270      	SUBWF      R0, 0
0x03FA	0x1D03      	BTFSS      STATUS, 2
0x03FB	0x2BFE      	GOTO       L__check_front75
0x03FC	0x082C      	MOVF       _sensor_voltage, 0
0x03FD	0x3C46      	SUBLW      70
L__check_front75:
0x03FE	0x1C03      	BTFSS      STATUS, 0
0x03FF	0x2C01      	GOTO       L_check_front35
0x0400	0x2C05      	GOTO       L_check_front27
L_check_front35:
;MyProject.c,256 :: 		if((PORTD & 0b00000100)){break;} }
0x0401	0x1D08      	BTFSS      PORTD, 2
0x0402	0x2C04      	GOTO       L_check_front36
0x0403	0x2C05      	GOTO       L_check_front27
L_check_front36:
0x0404	0x2BA3      	GOTO       L_check_front26
L_check_front27:
;MyProject.c,259 :: 		delayy(100);
0x0405	0x3064      	MOVLW      100
0x0406	0x00BE      	MOVWF      FARG_delayy_time_ms
0x0407	0x3000      	MOVLW      0
0x0408	0x00BF      	MOVWF      FARG_delayy_time_ms+1
0x0409	0x2163      	CALL       _delayy
;MyProject.c,260 :: 		stop_moving();
0x040A	0x212F      	CALL       _stop_moving
;MyProject.c,261 :: 		}
L_end_check_front:
0x040B	0x0008      	RETURN
; end of _check_front
_check_start:
;MyProject.c,173 :: 		void check_start(){
;MyProject.c,174 :: 		if(PORTD & 0B00001000){
0x040C	0x1283      	BCF        STATUS, 5
0x040D	0x1303      	BCF        STATUS, 6
0x040E	0x1D88      	BTFSS      PORTD, 3
0x040F	0x2C13      	GOTO       L_check_start12
;MyProject.c,175 :: 		b++;
0x0410	0x0AAA      	INCF       _b, 1
0x0411	0x1903      	BTFSC      STATUS, 2
0x0412	0x0AAB      	INCF       _b+1, 1
;MyProject.c,176 :: 		}
L_check_start12:
;MyProject.c,177 :: 		if(b%2==0){
0x0413	0x3002      	MOVLW      2
0x0414	0x00F4      	MOVWF      R4
0x0415	0x3000      	MOVLW      0
0x0416	0x00F5      	MOVWF      R4+1
0x0417	0x082A      	MOVF       _b, 0
0x0418	0x00F0      	MOVWF      R0
0x0419	0x082B      	MOVF       _b+1, 0
0x041A	0x00F1      	MOVWF      R0+1
0x041B	0x225A      	CALL       _Div_16x16_S
0x041C	0x0878      	MOVF       R8, 0
0x041D	0x00F0      	MOVWF      R0
0x041E	0x0879      	MOVF       R8+1, 0
0x041F	0x00F1      	MOVWF      R0+1
0x0420	0x3000      	MOVLW      0
0x0421	0x0671      	XORWF      R0+1, 0
0x0422	0x1D03      	BTFSS      STATUS, 2
0x0423	0x2C26      	GOTO       L__check_start64
0x0424	0x3000      	MOVLW      0
0x0425	0x0670      	XORWF      R0, 0
L__check_start64:
0x0426	0x1D03      	BTFSS      STATUS, 2
0x0427	0x2C2B      	GOTO       L_check_start13
;MyProject.c,178 :: 		b=0;
0x0428	0x01AA      	CLRF       _b
0x0429	0x01AB      	CLRF       _b+1
;MyProject.c,179 :: 		}else{b=1;}
0x042A	0x2C2F      	GOTO       L_check_start14
L_check_start13:
0x042B	0x3001      	MOVLW      1
0x042C	0x00AA      	MOVWF      _b
0x042D	0x3000      	MOVLW      0
0x042E	0x00AB      	MOVWF      _b+1
L_check_start14:
;MyProject.c,182 :: 		}
L_end_check_start:
0x042F	0x0008      	RETURN
; end of _check_start
_CCPPWM_init:
;MyProject.c,36 :: 		void CCPPWM_init(){                  // Configure and CCP2 at 2ms period with 50% duty cycle
;MyProject.c,37 :: 		T2CON = 0x07;                    // Enable Timer2 at Fosc/4 with 1:16 prescaler (8 uS percount 2000uS to count 250 counts)
0x0430	0x3007      	MOVLW      7
0x0431	0x1283      	BCF        STATUS, 5
0x0432	0x1303      	BCF        STATUS, 6
0x0433	0x0092      	MOVWF      T2CON
;MyProject.c,38 :: 		CCP2CON = 0x0C;                  // Enable PWM for CCP2
0x0434	0x300C      	MOVLW      12
0x0435	0x009D      	MOVWF      CCP2CON
;MyProject.c,39 :: 		PR2 = 250;                       // 250 counts = 8uS *250 = 2ms period
0x0436	0x30FA      	MOVLW      250
0x0437	0x1683      	BSF        STATUS, 5
0x0438	0x0092      	MOVWF      PR2
;MyProject.c,40 :: 		CCPR2L = 125;                    // Buffer where we are specifying the pulse width (duty cycle)
0x0439	0x307D      	MOVLW      125
0x043A	0x1283      	BCF        STATUS, 5
0x043B	0x009B      	MOVWF      CCPR2L
;MyProject.c,41 :: 		}
L_end_CCPPWM_init:
0x043C	0x0008      	RETURN
; end of _CCPPWM_init
_ATD_init_A0:
;MyProject.c,183 :: 		void ATD_init_A0(){
;MyProject.c,184 :: 		ADCON0=0x41;           // ON, Channel 0, Fosc/16== 500KHz, Dont Go
0x043D	0x3041      	MOVLW      65
0x043E	0x1283      	BCF        STATUS, 5
0x043F	0x1303      	BCF        STATUS, 6
0x0440	0x009F      	MOVWF      ADCON0
;MyProject.c,185 :: 		ADCON1=0xCE;           // RA0 Analog, others are Digital, Right Allignment,
0x0441	0x30CE      	MOVLW      206
0x0442	0x1683      	BSF        STATUS, 5
0x0443	0x009F      	MOVWF      ADCON1
;MyProject.c,186 :: 		TRISA=0x01;
0x0444	0x3001      	MOVLW      1
0x0445	0x0085      	MOVWF      TRISA
;MyProject.c,188 :: 		}
L_end_ATD_init_A0:
0x0446	0x0008      	RETURN
; end of _ATD_init_A0
_initialize:
;MyProject.c,95 :: 		void initialize(){
;MyProject.c,96 :: 		TRISA=0X01;
0x0447	0x3001      	MOVLW      1
0x0448	0x1683      	BSF        STATUS, 5
0x0449	0x1303      	BCF        STATUS, 6
0x044A	0x0085      	MOVWF      TRISA
;MyProject.c,97 :: 		TRISB=0X00;
0x044B	0x0186      	CLRF       TRISB
;MyProject.c,98 :: 		TRISC=0B10000000;
0x044C	0x3080      	MOVLW      128
0x044D	0x0087      	MOVWF      TRISC
;MyProject.c,99 :: 		TRISD=0B00001111;
0x044E	0x300F      	MOVLW      15
0x044F	0x0088      	MOVWF      TRISD
;MyProject.c,101 :: 		PORTA=0X00;
0x0450	0x1283      	BCF        STATUS, 5
0x0451	0x0185      	CLRF       PORTA
;MyProject.c,102 :: 		PORTB=0X00;
0x0452	0x0186      	CLRF       PORTB
;MyProject.c,103 :: 		PORTC=0X00;
0x0453	0x0187      	CLRF       PORTC
;MyProject.c,104 :: 		PORTD=0X00;
0x0454	0x0188      	CLRF       PORTD
;MyProject.c,109 :: 		OPTION_REG = 0x87; // 32.8ms overflow
0x0455	0x3087      	MOVLW      135
0x0456	0x1683      	BSF        STATUS, 5
0x0457	0x0081      	MOVWF      OPTION_REG
;MyProject.c,110 :: 		TMR0 = 0;
0x0458	0x1283      	BCF        STATUS, 5
0x0459	0x0181      	CLRF       TMR0
;MyProject.c,114 :: 		TMR1H = 0;
0x045A	0x018F      	CLRF       TMR1H
;MyProject.c,115 :: 		TMR1L = 0;
0x045B	0x018E      	CLRF       TMR1L
;MyProject.c,116 :: 		H_L = 1;                // start high
0x045C	0x3001      	MOVLW      1
0x045D	0x00B6      	MOVWF      _H_L
0x045E	0x3000      	MOVLW      0
0x045F	0x00B7      	MOVWF      _H_L+1
;MyProject.c,117 :: 		CCP1CON = 0x08;        // Compare mode, set output on match
0x0460	0x3008      	MOVLW      8
0x0461	0x0097      	MOVWF      CCP1CON
;MyProject.c,119 :: 		T1CON = 0x01;
0x0462	0x3001      	MOVLW      1
0x0463	0x0090      	MOVWF      T1CON
;MyProject.c,121 :: 		INTCON = 0b11100000;         // Enable GIE, peripheral interrupts and TMR0 Interrupt
0x0464	0x30E0      	MOVLW      224
0x0465	0x008B      	MOVWF      INTCON
;MyProject.c,122 :: 		PIE1 = PIE1|0x04;      // Enable CCP1 interrupts
0x0466	0x1683      	BSF        STATUS, 5
0x0467	0x150C      	BSF        PIE1, 2
;MyProject.c,123 :: 		CCPR1H = 2000>>8;      // Value preset in a program to compare the TMR1H value to            - 1ms
0x0468	0x3007      	MOVLW      7
0x0469	0x1283      	BCF        STATUS, 5
0x046A	0x0096      	MOVWF      CCPR1H
;MyProject.c,124 :: 		CCPR1L = 2000;         // Value preset in a program to compare the TMR1L value to
0x046B	0x30D0      	MOVLW      208
0x046C	0x0095      	MOVWF      CCPR1L
;MyProject.c,130 :: 		}
L_end_initialize:
0x046D	0x0008      	RETURN
; end of _initialize
_check_and_extinguish_fire:
;MyProject.c,324 :: 		void check_and_extinguish_fire(){
;MyProject.c,327 :: 		sensor_voltage = ATD_read_A0();
0x046E	0x2321      	CALL       _ATD_read_A0
0x046F	0x0870      	MOVF       R0, 0
0x0470	0x1283      	BCF        STATUS, 5
0x0471	0x00AC      	MOVWF      _sensor_voltage
0x0472	0x0871      	MOVF       R0+1, 0
0x0473	0x00AD      	MOVWF      _sensor_voltage+1
;MyProject.c,328 :: 		while ((PORTD & 0b00000100))
L_check_and_extinguish_fire43:
0x0474	0x1D08      	BTFSS      PORTD, 2
0x0475	0x2CC8      	GOTO       L_check_and_extinguish_fire44
;MyProject.c,331 :: 		if(sensor_voltage <70 || sensor_voltage > 400) break;
0x0476	0x3080      	MOVLW      128
0x0477	0x062D      	XORWF      _sensor_voltage+1, 0
0x0478	0x00F0      	MOVWF      R0
0x0479	0x3080      	MOVLW      128
0x047A	0x0270      	SUBWF      R0, 0
0x047B	0x1D03      	BTFSS      STATUS, 2
0x047C	0x2C7F      	GOTO       L__check_and_extinguish_fire85
0x047D	0x3046      	MOVLW      70
0x047E	0x022C      	SUBWF      _sensor_voltage, 0
L__check_and_extinguish_fire85:
0x047F	0x1C03      	BTFSS      STATUS, 0
0x0480	0x2C8E      	GOTO       L__check_and_extinguish_fire53
0x0481	0x3080      	MOVLW      128
0x0482	0x3A01      	XORLW      1
0x0483	0x00F0      	MOVWF      R0
0x0484	0x3080      	MOVLW      128
0x0485	0x062D      	XORWF      _sensor_voltage+1, 0
0x0486	0x0270      	SUBWF      R0, 0
0x0487	0x1D03      	BTFSS      STATUS, 2
0x0488	0x2C8B      	GOTO       L__check_and_extinguish_fire86
0x0489	0x082C      	MOVF       _sensor_voltage, 0
0x048A	0x3C90      	SUBLW      144
L__check_and_extinguish_fire86:
0x048B	0x1C03      	BTFSS      STATUS, 0
0x048C	0x2C8E      	GOTO       L__check_and_extinguish_fire53
0x048D	0x2C8F      	GOTO       L_check_and_extinguish_fire47
L__check_and_extinguish_fire53:
0x048E	0x2CC8      	GOTO       L_check_and_extinguish_fire44
L_check_and_extinguish_fire47:
;MyProject.c,332 :: 		stop_moving();
0x048F	0x212F      	CALL       _stop_moving
;MyProject.c,333 :: 		a=1;
0x0490	0x3001      	MOVLW      1
0x0491	0x00AE      	MOVWF      _a
0x0492	0x3000      	MOVLW      0
0x0493	0x00AF      	MOVWF      _a+1
;MyProject.c,335 :: 		PORTB=PORTB|0B10000000;
0x0494	0x1786      	BSF        PORTB, 7
;MyProject.c,336 :: 		angle = 1000;
0x0495	0x30E8      	MOVLW      232
0x0496	0x00B0      	MOVWF      _angle
0x0497	0x3003      	MOVLW      3
0x0498	0x00B1      	MOVWF      _angle+1
;MyProject.c,337 :: 		PORTD=PORTD | 0B11000000;
0x0499	0x30C0      	MOVLW      192
0x049A	0x0488      	IORWF      PORTD, 1
;MyProject.c,338 :: 		delayy(2000);
0x049B	0x30D0      	MOVLW      208
0x049C	0x00BE      	MOVWF      FARG_delayy_time_ms
0x049D	0x3007      	MOVLW      7
0x049E	0x00BF      	MOVWF      FARG_delayy_time_ms+1
0x049F	0x2163      	CALL       _delayy
;MyProject.c,341 :: 		angle = 3500;
0x04A0	0x30AC      	MOVLW      172
0x04A1	0x00B0      	MOVWF      _angle
0x04A2	0x300D      	MOVLW      13
0x04A3	0x00B1      	MOVWF      _angle+1
;MyProject.c,342 :: 		PORTD=PORTD & 0B00111111;
0x04A4	0x303F      	MOVLW      63
0x04A5	0x0588      	ANDWF      PORTD, 1
;MyProject.c,343 :: 		delayy(2000);
0x04A6	0x30D0      	MOVLW      208
0x04A7	0x00BE      	MOVWF      FARG_delayy_time_ms
0x04A8	0x3007      	MOVLW      7
0x04A9	0x00BF      	MOVWF      FARG_delayy_time_ms+1
0x04AA	0x2163      	CALL       _delayy
;MyProject.c,345 :: 		angle = 1000;
0x04AB	0x30E8      	MOVLW      232
0x04AC	0x00B0      	MOVWF      _angle
0x04AD	0x3003      	MOVLW      3
0x04AE	0x00B1      	MOVWF      _angle+1
;MyProject.c,346 :: 		PORTD=PORTD | 0B11000000;
0x04AF	0x30C0      	MOVLW      192
0x04B0	0x0488      	IORWF      PORTD, 1
;MyProject.c,347 :: 		delayy(2000);
0x04B1	0x30D0      	MOVLW      208
0x04B2	0x00BE      	MOVWF      FARG_delayy_time_ms
0x04B3	0x3007      	MOVLW      7
0x04B4	0x00BF      	MOVWF      FARG_delayy_time_ms+1
0x04B5	0x2163      	CALL       _delayy
;MyProject.c,348 :: 		angle = 3500;
0x04B6	0x30AC      	MOVLW      172
0x04B7	0x00B0      	MOVWF      _angle
0x04B8	0x300D      	MOVLW      13
0x04B9	0x00B1      	MOVWF      _angle+1
;MyProject.c,349 :: 		PORTD=PORTD & 0B00111111;
0x04BA	0x303F      	MOVLW      63
0x04BB	0x0588      	ANDWF      PORTD, 1
;MyProject.c,350 :: 		delayy(2000);
0x04BC	0x30D0      	MOVLW      208
0x04BD	0x00BE      	MOVWF      FARG_delayy_time_ms
0x04BE	0x3007      	MOVLW      7
0x04BF	0x00BF      	MOVWF      FARG_delayy_time_ms+1
0x04C0	0x2163      	CALL       _delayy
;MyProject.c,351 :: 		angle = 1000;
0x04C1	0x30E8      	MOVLW      232
0x04C2	0x00B0      	MOVWF      _angle
0x04C3	0x3003      	MOVLW      3
0x04C4	0x00B1      	MOVWF      _angle+1
;MyProject.c,352 :: 		PORTD=PORTD | 0B11000000;
0x04C5	0x30C0      	MOVLW      192
0x04C6	0x0488      	IORWF      PORTD, 1
;MyProject.c,353 :: 		}
0x04C7	0x2C74      	GOTO       L_check_and_extinguish_fire43
L_check_and_extinguish_fire44:
;MyProject.c,354 :: 		PORTD=PORTD & 0B00111111;
0x04C8	0x303F      	MOVLW      63
0x04C9	0x0588      	ANDWF      PORTD, 1
;MyProject.c,356 :: 		angle =  2250;
0x04CA	0x30CA      	MOVLW      202
0x04CB	0x00B0      	MOVWF      _angle
0x04CC	0x3008      	MOVLW      8
0x04CD	0x00B1      	MOVWF      _angle+1
;MyProject.c,357 :: 		delayy(2000);
0x04CE	0x30D0      	MOVLW      208
0x04CF	0x00BE      	MOVWF      FARG_delayy_time_ms
0x04D0	0x3007      	MOVLW      7
0x04D1	0x00BF      	MOVWF      FARG_delayy_time_ms+1
0x04D2	0x2163      	CALL       _delayy
;MyProject.c,358 :: 		a=0;
0x04D3	0x01AE      	CLRF       _a
0x04D4	0x01AF      	CLRF       _a+1
;MyProject.c,359 :: 		PORTB=PORTB & 0B01111111;
0x04D5	0x307F      	MOVLW      127
0x04D6	0x0586      	ANDWF      PORTB, 1
;MyProject.c,360 :: 		}
L_end_check_and_extinguish_fire:
0x04D7	0x0008      	RETURN
; end of _check_and_extinguish_fire
___CC2DW:
;__Lib_System.c,134 :: 		
;__Lib_System.c,137 :: 		
_CC2D_Loop1:
;__Lib_System.c,139 :: 		
0x04D8	0x2253      	CALL       _____DoICP
0x04D9	0x118A      	BCF        PCLATH, 3
0x04DA	0x120A      	BCF        PCLATH, 4
;__Lib_System.c,141 :: 		
0x04DB	0x0080      	MOVWF      INDF
;__Lib_System.c,142 :: 		
0x04DC	0x0A84      	INCF       FSR, 1
;__Lib_System.c,143 :: 		
0x04DD	0x0AA8      	INCF       ___DoICPAddr, 1
;__Lib_System.c,145 :: 		
0x04DE	0x1903      	BTFSC      STATUS, 2
;__Lib_System.c,146 :: 		
0x04DF	0x0AA9      	INCF       ___DoICPAddr+1, 1
;__Lib_System.c,147 :: 		
0x04E0	0x03F0      	DECF       R0, 1
;__Lib_System.c,149 :: 		
0x04E1	0x1D03      	BTFSS      STATUS, 2
;__Lib_System.c,150 :: 		
0x04E2	0x2CD8      	GOTO       _CC2D_Loop1
;__Lib_System.c,152 :: 		
L_end___CC2DW:
0x04E3	0x0008      	RETURN
; end of ___CC2DW
_main:
0x04E4	0x3088      	MOVLW      136
0x04E5	0x1283      	BCF        STATUS, 5
0x04E6	0x1303      	BCF        STATUS, 6
0x04E7	0x00A6      	MOVWF      _turning_time_delay
0x04E8	0x3013      	MOVLW      19
0x04E9	0x00A7      	MOVWF      39
;MyProject.c,58 :: 		void main() {
;MyProject.c,60 :: 		initialize();
0x04EA	0x2447      	CALL       _initialize
;MyProject.c,67 :: 		ATD_init_A0();
0x04EB	0x243D      	CALL       _ATD_init_A0
;MyProject.c,68 :: 		CCPPWM_init();
0x04EC	0x2430      	CALL       _CCPPWM_init
;MyProject.c,69 :: 		b=0;
0x04ED	0x01AA      	CLRF       _b
0x04EE	0x01AB      	CLRF       _b+1
;MyProject.c,70 :: 		a=1;
0x04EF	0x3001      	MOVLW      1
0x04F0	0x00AE      	MOVWF      _a
0x04F1	0x3000      	MOVLW      0
0x04F2	0x00AF      	MOVWF      _a+1
;MyProject.c,71 :: 		while(1){
L_main2:
;MyProject.c,72 :: 		PORTD=PORTD & 0B11011111;
0x04F3	0x30DF      	MOVLW      223
0x04F4	0x0588      	ANDWF      PORTD, 1
;MyProject.c,73 :: 		check_start();
0x04F5	0x240C      	CALL       _check_start
;MyProject.c,75 :: 		while(b){
L_main4:
0x04F6	0x082A      	MOVF       _b, 0
0x04F7	0x042B      	IORWF      _b+1, 0
0x04F8	0x1903      	BTFSC      STATUS, 2
0x04F9	0x2D06      	GOTO       L_main5
;MyProject.c,76 :: 		PORTD=PORTD | 0B00100000;
0x04FA	0x1688      	BSF        PORTD, 5
;MyProject.c,77 :: 		check_front_right();
0x04FB	0x2349      	CALL       _check_front_right
;MyProject.c,78 :: 		check_start();
0x04FC	0x240C      	CALL       _check_start
;MyProject.c,79 :: 		check_front_left();
0x04FD	0x2330      	CALL       _check_front_left
;MyProject.c,80 :: 		check_start();
0x04FE	0x240C      	CALL       _check_start
;MyProject.c,81 :: 		check_front();
0x04FF	0x23A3      	CALL       _check_front
;MyProject.c,82 :: 		check_start();
0x0500	0x240C      	CALL       _check_start
;MyProject.c,83 :: 		adjust_position();
0x0501	0x236F      	CALL       _adjust_position
;MyProject.c,84 :: 		check_start();
0x0502	0x240C      	CALL       _check_start
;MyProject.c,85 :: 		check_and_extinguish_fire();
0x0503	0x246E      	CALL       _check_and_extinguish_fire
;MyProject.c,86 :: 		check_start();
0x0504	0x240C      	CALL       _check_start
;MyProject.c,88 :: 		}
0x0505	0x2CF6      	GOTO       L_main4
L_main5:
;MyProject.c,90 :: 		}
0x0506	0x2CF3      	GOTO       L_main2
;MyProject.c,91 :: 		}
L_end_main:
0x0507	0x2D07      	GOTO       $+0
; end of _main
Symbol List:
//** Routines locations **
//ADDRESS    SIZE    PROCEDURE
//----------------------------------------------
0x0004     [103]    _interrupt
0x006B       [7]    _RES032
0x0072      [12]    _SETFUN32
0x007E       [4]    _FIXSIGN32
0x0082      [13]    _SETIOV3224
0x008F      [12]    _SETFOV32
0x009B       [5]    _Speed
0x00A0       [3]    _SETFDZ32
0x00A3      [47]    _NRM3232
0x00D2      [93]    _double2int
0x012F       [8]    _stop_moving
0x0137      [44]    _Div_16x16_S_L
0x0163      [18]    _delayy
0x0175      [30]    _int2double
0x0193     [183]    _Div_32x32_FP
0x024A       [9]    _move_left
0x0253       [7]    _____DoICP
0x025A     [105]    _Div_16x16_S
0x02C3       [9]    _move_backwards
0x02CC      [68]    _dist
0x0310       [8]    _move_forward
0x0318       [9]    _move_right
0x0321      [15]    _ATD_read_A0
0x0330      [25]    _check_front_left
0x0349      [38]    _check_front_right
0x036F      [52]    _adjust_position
0x03A3     [105]    _check_front
0x040C      [36]    _check_start
0x0430      [13]    _CCPPWM_init
0x043D      [10]    _ATD_init_A0
0x0447      [39]    _initialize
0x046E     [106]    _check_and_extinguish_fire
0x04D8      [12]    ___CC2DW
0x04E4      [36]    _main
//** Variables locations ** 
//ADDRESS    SIZE    VARIABLE
//----------------------------------------------
0x0000       [1]    INDF
0x0001       [1]    TMR0
0x0002       [1]    PCL
0x0003       [1]    STATUS
0x0004       [1]    FSR
0x0005       [1]    PORTA
0x0006       [1]    PORTB
0x0007       [1]    PORTC
0x0008       [1]    PORTD
0x000A       [1]    PCLATH
0x000B       [1]    INTCON
0x000C       [1]    PIR1
0x000E       [1]    TMR1L
0x000F       [1]    TMR1H
0x0010       [1]    T1CON
0x0012       [1]    T2CON
0x0015       [1]    CCPR1L
0x0016       [1]    CCPR1H
0x0017       [1]    CCP1CON
0x001B       [1]    CCPR2L
0x001D       [1]    CCP2CON
0x001E       [1]    ADRESH
0x001F       [1]    ADCON0
0x0020       [1]    __math_tempbD
0x0026       [2]    _turning_time_delay
0x0028       [2]    ___DoICPAddr
0x002A       [2]    _b
0x002C       [2]    _sensor_voltage
0x002E       [2]    _a
0x0030       [2]    _angle
0x0032       [2]    _tick1
0x0034       [2]    _distance
0x0036       [2]    _H_L
0x0038       [2]    _time
0x003A       [1]    ___savePCLATH
0x003B       [1]    ___saveSTATUS
0x003C       [2]    dist_d_L0
0x003E       [2]    FARG_delayy_time_ms
0x0040       [2]    FARG_Speed_p
0x0070       [1]    R0
0x0071       [1]    R1
0x0072       [1]    R2
0x0073       [1]    R3
0x0074       [1]    R4
0x0075       [1]    R5
0x0076       [1]    R6
0x0077       [1]    R7
0x0078       [1]    R8
0x0079       [1]    R9
0x007A       [1]    R10
0x007B       [1]    R11
0x007C       [1]    R12
0x007D       [1]    R13
0x007E       [1]    R14
0x007F       [1]    R15
0x0081       [1]    OPTION_REG
0x0085       [1]    TRISA
0x0086       [1]    TRISB
0x0087       [1]    TRISC
0x0088       [1]    TRISD
0x008C       [1]    PIE1
0x0092       [1]    PR2
0x009E       [1]    ADRESL
0x009F       [1]    ADCON1
